Using pre-set license
Built from '2021.3/staging' branch; Version is '2021.3.16f1 (4016570cf34f) revision 4200023'; Using compiler version '192829333'; Build Type 'Release'
OS: 'Windows 10  (10.0.19044) 64bit Core' Language: 'en' Physical Memory: 16193 MB
BatchMode: 1, IsHumanControllingUs: 0, StartBugReporterOnCrash: 0, Is64bit: 1, IsPro: 1

COMMAND LINE ARGUMENTS:
C:\Program Files\Unity\Hub\Editor\2021.3.16f1\Editor\Unity.exe
-adb2
-batchMode
-noUpm
-name
AssetImportWorker1
-projectPath
E:/Unity Projects/3D Dungeon Design
-logFile
Logs/AssetImportWorker1.log
-srvPort
58376
Successfully changed project path to: E:/Unity Projects/3D Dungeon Design
E:/Unity Projects/3D Dungeon Design
[UnityMemory] Configuration Parameters - Can be set up in boot.config
    "memorysetup-bucket-allocator-granularity=16"
    "memorysetup-bucket-allocator-bucket-count=8"
    "memorysetup-bucket-allocator-block-size=33554432"
    "memorysetup-bucket-allocator-block-count=8"
    "memorysetup-main-allocator-block-size=16777216"
    "memorysetup-thread-allocator-block-size=16777216"
    "memorysetup-gfx-main-allocator-block-size=16777216"
    "memorysetup-gfx-thread-allocator-block-size=16777216"
    "memorysetup-cache-allocator-block-size=4194304"
    "memorysetup-typetree-allocator-block-size=2097152"
    "memorysetup-profiler-bucket-allocator-granularity=16"
    "memorysetup-profiler-bucket-allocator-bucket-count=8"
    "memorysetup-profiler-bucket-allocator-block-size=33554432"
    "memorysetup-profiler-bucket-allocator-block-count=8"
    "memorysetup-profiler-allocator-block-size=16777216"
    "memorysetup-profiler-editor-allocator-block-size=1048576"
    "memorysetup-temp-allocator-size-main=16777216"
    "memorysetup-job-temp-allocator-block-size=2097152"
    "memorysetup-job-temp-allocator-block-size-background=1048576"
    "memorysetup-job-temp-allocator-reduction-small-platforms=262144"
    "memorysetup-temp-allocator-size-background-worker=32768"
    "memorysetup-temp-allocator-size-job-worker=262144"
    "memorysetup-temp-allocator-size-preload-manager=33554432"
    "memorysetup-temp-allocator-size-nav-mesh-worker=65536"
    "memorysetup-temp-allocator-size-audio-worker=65536"
    "memorysetup-temp-allocator-size-cloud-worker=32768"
    "memorysetup-temp-allocator-size-gi-baking-worker=262144"
    "memorysetup-temp-allocator-size-gfx=262144"
Player connection [30992] Host "[IP] 192.168.1.168 [Port] 0 [Flags] 2 [Guid] 2813532174 [EditorId] 2813532174 [Version] 1048832 [Id] WindowsEditor(7,DESKTOP-0QRPCUD) [Debug] 1 [PackageName] WindowsEditor [ProjectName] Editor" joined multi-casting on [225.0.0.222:54997]...

Player connection [30992] Host "[IP] 192.168.1.168 [Port] 0 [Flags] 2 [Guid] 2813532174 [EditorId] 2813532174 [Version] 1048832 [Id] WindowsEditor(7,DESKTOP-0QRPCUD) [Debug] 1 [PackageName] WindowsEditor [ProjectName] Editor" joined alternative multi-casting on [225.0.0.222:34997]...

Refreshing native plugins compatible for Editor in 100.85 ms, found 3 plugins.
Preloading 0 native plugins for Editor in 0.00 ms.
Initialize engine version: 2021.3.16f1 (4016570cf34f)
[Subsystems] Discovering subsystems at path C:/Program Files/Unity/Hub/Editor/2021.3.16f1/Editor/Data/Resources/UnitySubsystems
[Subsystems] Discovering subsystems at path E:/Unity Projects/3D Dungeon Design/Assets
GfxDevice: creating device client; threaded=0; jobified=0
Direct3D:
    Version:  Direct3D 11.0 [level 11.1]
    Renderer: NVIDIA GeForce GTX 1650 (ID=0x1f91)
    Vendor:   NVIDIA
    VRAM:     3962 MB
    Driver:   31.0.15.1659
Initialize mono
Mono path[0] = 'C:/Program Files/Unity/Hub/Editor/2021.3.16f1/Editor/Data/Managed'
Mono path[1] = 'C:/Program Files/Unity/Hub/Editor/2021.3.16f1/Editor/Data/MonoBleedingEdge/lib/mono/unityjit-win32'
Mono config path = 'C:/Program Files/Unity/Hub/Editor/2021.3.16f1/Editor/Data/MonoBleedingEdge/etc'
Using monoOptions --debugger-agent=transport=dt_socket,embedding=1,server=y,suspend=n,address=127.0.0.1:56160
Begin MonoManager ReloadAssembly
Registering precompiled unity dll's ...
Register platform support module: C:/Program Files/Unity/Hub/Editor/2021.3.16f1/Editor/Data/PlaybackEngines/WindowsStandaloneSupport/UnityEditor.WindowsStandalone.Extensions.dll
Registered in 0.011276 seconds.
Native extension for WindowsStandalone target not found
Refreshing native plugins compatible for Editor in 98.69 ms, found 3 plugins.
Preloading 0 native plugins for Editor in 0.00 ms.
Mono: successfully reloaded assembly
- Completed reload, in  0.909 seconds
Domain Reload Profiling:
	ReloadAssembly (909ms)
		BeginReloadAssembly (103ms)
			ExecutionOrderSort (0ms)
			DisableScriptedObjects (0ms)
			BackupInstance (0ms)
			ReleaseScriptingObjects (0ms)
			CreateAndSetChildDomain (1ms)
		EndReloadAssembly (648ms)
			LoadAssemblies (98ms)
			RebuildTransferFunctionScriptingTraits (0ms)
			SetupTypeCache (145ms)
			ReleaseScriptCaches (0ms)
			RebuildScriptCaches (36ms)
			SetupLoadedEditorAssemblies (398ms)
				LogAssemblyErrors (0ms)
				InitializePlatformSupportModulesInManaged (12ms)
				SetLoadedEditorAssemblies (0ms)
				RefreshPlugins (99ms)
				BeforeProcessingInitializeOnLoad (1ms)
				ProcessInitializeOnLoadAttributes (218ms)
				ProcessInitializeOnLoadMethodAttributes (67ms)
				AfterProcessingInitializeOnLoad (0ms)
				EditorAssembliesLoaded (0ms)
			ExecutionOrderSort2 (0ms)
			AwakeInstancesAfterBackupRestoration (0ms)
Platform modules already initialized, skipping
Registering precompiled user dll's ...
Registered in 0.006036 seconds.
Begin MonoManager ReloadAssembly
Symbol file LoadedFromMemory doesn't match image E:\Unity Projects\3D Dungeon Design\Library\PackageCache\com.unity.visualscripting@1.7.8\Editor\VisualScripting.Core\Dependencies\YamlDotNet\Unity.VisualScripting.YamlDotNet.dll
Symbol file LoadedFromMemory doesn't match image E:\Unity Projects\3D Dungeon Design\Library\PackageCache\com.unity.visualscripting@1.7.8\Editor\VisualScripting.Core\Dependencies\DotNetZip\Unity.VisualScripting.IonicZip.dll
Native extension for WindowsStandalone target not found
Refreshing native plugins compatible for Editor in 1.09 ms, found 3 plugins.
Preloading 0 native plugins for Editor in 0.00 ms.
Mono: successfully reloaded assembly
- Completed reload, in  1.880 seconds
Domain Reload Profiling:
	ReloadAssembly (1881ms)
		BeginReloadAssembly (175ms)
			ExecutionOrderSort (0ms)
			DisableScriptedObjects (9ms)
			BackupInstance (0ms)
			ReleaseScriptingObjects (0ms)
			CreateAndSetChildDomain (28ms)
		EndReloadAssembly (1513ms)
			LoadAssemblies (133ms)
			RebuildTransferFunctionScriptingTraits (0ms)
			SetupTypeCache (483ms)
			ReleaseScriptCaches (1ms)
			RebuildScriptCaches (105ms)
			SetupLoadedEditorAssemblies (709ms)
				LogAssemblyErrors (0ms)
				InitializePlatformSupportModulesInManaged (13ms)
				SetLoadedEditorAssemblies (1ms)
				RefreshPlugins (1ms)
				BeforeProcessingInitializeOnLoad (159ms)
				ProcessInitializeOnLoadAttributes (467ms)
				ProcessInitializeOnLoadMethodAttributes (49ms)
				AfterProcessingInitializeOnLoad (20ms)
				EditorAssembliesLoaded (0ms)
			ExecutionOrderSort2 (0ms)
			AwakeInstancesAfterBackupRestoration (11ms)
Platform modules already initialized, skipping
========================================================================
Worker process is ready to serve import requests
Launched and connected shader compiler UnityShaderCompiler.exe after 0.09 seconds
Refreshing native plugins compatible for Editor in 1.84 ms, found 3 plugins.
Preloading 0 native plugins for Editor in 0.00 ms.
Unloading 3363 Unused Serialized files (Serialized files now loaded: 0)
Unloading 27 unused Assets / (113.8 KB). Loaded Objects now: 3821.
Memory consumption went from 116.0 MB to 115.9 MB.
Total: 7.316200 ms (FindLiveObjects: 0.584500 ms CreateObjectMapping: 0.847100 ms MarkObjects: 5.690100 ms  DeleteObjects: 0.191900 ms)

AssetImportParameters requested are different than current active one (requested -> active):
  custom:video-decoder-ogg-theora: a1e56fd34408186e4bbccfd4996cb3dc -> 
  custom:container-muxer-webm: aa71ff27fc2769a1b78a27578f13a17b -> 
  custom:container-demuxer-webm: 4f35f7cbe854078d1ac9338744f61a02 -> 
  custom:video-encoder-webm-vp8: eb34c28f22e8b96e1ab97ce403110664 -> 
  custom:audio-encoder-webm-vorbis: bf7c407c2cedff20999df2af8eb42d56 -> 
  custom:framework-win-MediaFoundation: 216162199b28c13a410421893ffa2e32 -> 
  custom:container-demuxer-ogg: 62fdf1f143b41e24485cea50d1cbac27 -> 
  custom:video-decoder-webm-vp8: 9c59270c3fd7afecdb556c50c9e8de78 -> 
  custom:audio-decoder-ogg-vorbis: bf7c407c2cedff20999df2af8eb42d56 -> 
========================================================================
Received Import Request.
  Time since last request: 227623.984271 seconds.
  path: Assets/AurynSky/Dungeon Pack
  artifactKey: Guid(e51b90434ee123e4d8a5d6d981da3d4c) Importer(815301076,1909f56bfc062723c751e8b465ee728b)
Start importing Assets/AurynSky/Dungeon Pack using Guid(e51b90434ee123e4d8a5d6d981da3d4c) Importer(815301076,1909f56bfc062723c751e8b465ee728b)  -> (artifact id: 'a4461e9482e497598d5140f032949676') in 0.018573 seconds 
========================================================================
Received Import Request.
  Time since last request: 13.029663 seconds.
  path: Assets/AurynSky/Dungeon Pack/Materials/ColorPaletteRED.mat
  artifactKey: Guid(bef590b5f83718440bddad527c144253) Importer(815301076,1909f56bfc062723c751e8b465ee728b)
Start importing Assets/AurynSky/Dungeon Pack/Materials/ColorPaletteRED.mat using Guid(bef590b5f83718440bddad527c144253) Importer(815301076,1909f56bfc062723c751e8b465ee728b)  -> (artifact id: '445c86c9faeb2fb53fe5c91c1125e1d5') in 0.277189 seconds 
========================================================================
Received Import Request.
  Time since last request: 0.000040 seconds.
  path: Assets/AurynSky/Dungeon Pack/Materials/SlimeRiver.mat
  artifactKey: Guid(3ca0d8ba037ed5d448118b5a51faed54) Importer(815301076,1909f56bfc062723c751e8b465ee728b)
Start importing Assets/AurynSky/Dungeon Pack/Materials/SlimeRiver.mat using Guid(3ca0d8ba037ed5d448118b5a51faed54) Importer(815301076,1909f56bfc062723c751e8b465ee728b)  -> (artifact id: '74a803e4fe0835c479c39c77fc2f1cd5') in 0.023421 seconds 
========================================================================
Received Import Request.
  Time since last request: 0.000055 seconds.
  path: Assets/AurynSky/Dungeon Pack/Materials/FireCube.mat
  artifactKey: Guid(2ef39c184abf89848ba6b8a836f919fc) Importer(815301076,1909f56bfc062723c751e8b465ee728b)
Start importing Assets/AurynSky/Dungeon Pack/Materials/FireCube.mat using Guid(2ef39c184abf89848ba6b8a836f919fc) Importer(815301076,1909f56bfc062723c751e8b465ee728b)  -> (artifact id: '208934e0528d5cc00bb9f3b432e6c0eb') in 0.201477 seconds 
========================================================================
Received Import Request.
  Time since last request: 0.000038 seconds.
  path: Assets/AurynSky/Dungeon Pack/Materials/SlimeStill.mat
  artifactKey: Guid(d0bd997c31bd53342bae53677ecc3b65) Importer(815301076,1909f56bfc062723c751e8b465ee728b)
Start importing Assets/AurynSky/Dungeon Pack/Materials/SlimeStill.mat using Guid(d0bd997c31bd53342bae53677ecc3b65) Importer(815301076,1909f56bfc062723c751e8b465ee728b)  -> (artifact id: 'cf3090850b4017a9e0391a6bd7791beb') in 0.047146 seconds 
========================================================================
Received Import Request.
  Time since last request: 0.764009 seconds.
  path: Assets/AurynSky/Dungeon Pack/Models/BannerHolderLD.fbx
  artifactKey: Guid(ad681b436b88f0744ac5f3f69bd025bd) Importer(815301076,1909f56bfc062723c751e8b465ee728b)
Start importing Assets/AurynSky/Dungeon Pack/Models/BannerHolderLD.fbx using Guid(ad681b436b88f0744ac5f3f69bd025bd) Importer(815301076,1909f56bfc062723c751e8b465ee728b)  -> (artifact id: 'fb18219a44ef296ad88a8074f52a6e55') in 0.117484 seconds 
========================================================================
Received Import Request.
  Time since last request: 0.000033 seconds.
  path: Assets/AurynSky/Dungeon Pack/Models/CastleD.fbx
  artifactKey: Guid(586694c0d46cd474f94fc417543a4bff) Importer(815301076,1909f56bfc062723c751e8b465ee728b)
Start importing Assets/AurynSky/Dungeon Pack/Models/CastleD.fbx using Guid(586694c0d46cd474f94fc417543a4bff) Importer(815301076,1909f56bfc062723c751e8b465ee728b)  -> (artifact id: '3cf8a936258e6a6d5a28a91a153fe138') in 0.029648 seconds 
========================================================================
Received Import Request.
  Time since last request: 0.000052 seconds.
  path: Assets/AurynSky/Dungeon Pack/Models/Pillar02D.fbx
  artifactKey: Guid(4e67f13a313dafe41993b4efd6add774) Importer(815301076,1909f56bfc062723c751e8b465ee728b)
Start importing Assets/AurynSky/Dungeon Pack/Models/Pillar02D.fbx using Guid(4e67f13a313dafe41993b4efd6add774) Importer(815301076,1909f56bfc062723c751e8b465ee728b)  -> (artifact id: '57ff415866d1a335f9b049e002e71264') in 0.031219 seconds 
========================================================================
Received Import Request.
  Time since last request: 0.000034 seconds.
  path: Assets/AurynSky/Dungeon Pack/Models/BlockL02D.fbx
  artifactKey: Guid(f0905fb8a8ee77246b67b80417424860) Importer(815301076,1909f56bfc062723c751e8b465ee728b)
Start importing Assets/AurynSky/Dungeon Pack/Models/BlockL02D.fbx using Guid(f0905fb8a8ee77246b67b80417424860) Importer(815301076,1909f56bfc062723c751e8b465ee728b)  -> (artifact id: 'c55c9bf8834e1ddde917158edb26b8df') in 0.027441 seconds 
========================================================================
Received Import Request.
  Time since last request: 0.000028 seconds.
  path: Assets/AurynSky/Dungeon Pack/Models/Steps01D.fbx
  artifactKey: Guid(be117f485d598f642992c830af0b6775) Importer(815301076,1909f56bfc062723c751e8b465ee728b)
Start importing Assets/AurynSky/Dungeon Pack/Models/Steps01D.fbx using Guid(be117f485d598f642992c830af0b6775) Importer(815301076,1909f56bfc062723c751e8b465ee728b)  -> (artifact id: 'd5fa727f9f43257fcb3faf20b48f8fcb') in 0.029592 seconds 
========================================================================
Received Import Request.
  Time since last request: 0.000035 seconds.
  path: Assets/AurynSky/Dungeon Pack/Models/ChestTD.fbx
  artifactKey: Guid(d3af6dd385346e0478acf3f18e360140) Importer(815301076,1909f56bfc062723c751e8b465ee728b)
Start importing Assets/AurynSky/Dungeon Pack/Models/ChestTD.fbx using Guid(d3af6dd385346e0478acf3f18e360140) Importer(815301076,1909f56bfc062723c751e8b465ee728b)  -> (artifact id: '01880bc9837fb8da1059f222e2e41d2b') in 0.028285 seconds 
========================================================================
Received Import Request.
  Time since last request: 0.000025 seconds.
  path: Assets/AurynSky/Dungeon Pack/Models/WindowD.fbx
  artifactKey: Guid(c664bfed623a0c248be60050549a3fc6) Importer(815301076,1909f56bfc062723c751e8b465ee728b)
Start importing Assets/AurynSky/Dungeon Pack/Models/WindowD.fbx using Guid(c664bfed623a0c248be60050549a3fc6) Importer(815301076,1909f56bfc062723c751e8b465ee728b)  -> (artifact id: '555ac33f1db67ed03dc29d4c3cca3a92') in 0.029046 seconds 
========================================================================
Received Import Request.
  Time since last request: 0.000043 seconds.
  path: Assets/AurynSky/Dungeon Pack/Models/BarrelD.fbx
  artifactKey: Guid(a93002532b627ed4f9f3d9c378d1e52c) Importer(815301076,1909f56bfc062723c751e8b465ee728b)
Start importing Assets/AurynSky/Dungeon Pack/Models/BarrelD.fbx using Guid(a93002532b627ed4f9f3d9c378d1e52c) Importer(815301076,1909f56bfc062723c751e8b465ee728b)  -> (artifact id: '350507d59107f6b05baaa45ad0f5f7f5') in 0.030838 seconds 
========================================================================
Received Import Request.
  Time since last request: 0.000032 seconds.
  path: Assets/AurynSky/Dungeon Pack/Models/Steps02D.fbx
  artifactKey: Guid(27c42873ee0e64a4e9bf31aae029786c) Importer(815301076,1909f56bfc062723c751e8b465ee728b)
Start importing Assets/AurynSky/Dungeon Pack/Models/Steps02D.fbx using Guid(27c42873ee0e64a4e9bf31aae029786c) Importer(815301076,1909f56bfc062723c751e8b465ee728b)  -> (artifact id: '115e112e78370c21d4fb9d22f17ec0be') in 0.031888 seconds 
========================================================================
Received Import Request.
  Time since last request: 0.000037 seconds.
  path: Assets/AurynSky/Dungeon Pack/Models/LadderTopD.fbx
  artifactKey: Guid(1f833014bcf68934dbd8a52d52c49ebc) Importer(815301076,1909f56bfc062723c751e8b465ee728b)
Start importing Assets/AurynSky/Dungeon Pack/Models/LadderTopD.fbx using Guid(1f833014bcf68934dbd8a52d52c49ebc) Importer(815301076,1909f56bfc062723c751e8b465ee728b)  -> (artifact id: 'c5d2f33b7a5bd42869b17ad98f404083') in 0.029975 seconds 
========================================================================
Received Import Request.
  Time since last request: 0.000031 seconds.
  path: Assets/AurynSky/Dungeon Pack/Models/TowerD.fbx
  artifactKey: Guid(20384cd36806a14409fad6ab78b9efed) Importer(815301076,1909f56bfc062723c751e8b465ee728b)
Start importing Assets/AurynSky/Dungeon Pack/Models/TowerD.fbx using Guid(20384cd36806a14409fad6ab78b9efed) Importer(815301076,1909f56bfc062723c751e8b465ee728b)  -> (artifact id: '5053c6f0d9f6aa61215cb111103c45e0') in 0.027657 seconds 
========================================================================
Received Import Request.
  Time since last request: 0.000027 seconds.
  path: Assets/AurynSky/Dungeon Pack/Models/GrateD.fbx
  artifactKey: Guid(5a6ea104e6b590c45b6878cce65aa633) Importer(815301076,1909f56bfc062723c751e8b465ee728b)
Start importing Assets/AurynSky/Dungeon Pack/Models/GrateD.fbx using Guid(5a6ea104e6b590c45b6878cce65aa633) Importer(815301076,1909f56bfc062723c751e8b465ee728b)  -> (artifact id: '55b7bb0430e4516c246a2e2f464822d2') in 0.028159 seconds 
========================================================================
Received Import Request.
  Time since last request: 0.000029 seconds.
  path: Assets/AurynSky/Dungeon Pack/Models/ChestBD.fbx
  artifactKey: Guid(3af4cf2d1568eaf46addd8b25118087a) Importer(815301076,1909f56bfc062723c751e8b465ee728b)
Start importing Assets/AurynSky/Dungeon Pack/Models/ChestBD.fbx using Guid(3af4cf2d1568eaf46addd8b25118087a) Importer(815301076,1909f56bfc062723c751e8b465ee728b)  -> (artifact id: '0e695279c54413dbfdd27e2571607994') in 0.029402 seconds 
========================================================================
Received Import Request.
  Time since last request: 0.000029 seconds.
  path: Assets/AurynSky/Dungeon Pack/Models/BlockS02D.fbx
  artifactKey: Guid(671aeeba71c544e488f76999081d53f0) Importer(815301076,1909f56bfc062723c751e8b465ee728b)
Start importing Assets/AurynSky/Dungeon Pack/Models/BlockS02D.fbx using Guid(671aeeba71c544e488f76999081d53f0) Importer(815301076,1909f56bfc062723c751e8b465ee728b)  -> (artifact id: '4918ffb1034e35326eb31b27db9e938d') in 0.029364 seconds 
========================================================================
Received Import Request.
  Time since last request: 0.000040 seconds.
  path: Assets/AurynSky/Dungeon Pack/Models/SpearD.fbx
  artifactKey: Guid(5395c56e03889384398da83042f0b46e) Importer(815301076,1909f56bfc062723c751e8b465ee728b)
Start importing Assets/AurynSky/Dungeon Pack/Models/SpearD.fbx using Guid(5395c56e03889384398da83042f0b46e) Importer(815301076,1909f56bfc062723c751e8b465ee728b)  -> (artifact id: 'b7c9684bda7375385f4f64f4bc1a6aea') in 0.032154 seconds 
========================================================================
Received Import Request.
  Time since last request: 0.000035 seconds.
  path: Assets/AurynSky/Dungeon Pack/Models/TrapDoorLD.fbx
  artifactKey: Guid(3e4ac32a4fae8c84e8974bd48741d3b0) Importer(815301076,1909f56bfc062723c751e8b465ee728b)
Start importing Assets/AurynSky/Dungeon Pack/Models/TrapDoorLD.fbx using Guid(3e4ac32a4fae8c84e8974bd48741d3b0) Importer(815301076,1909f56bfc062723c751e8b465ee728b)  -> (artifact id: '18fc6ad0dcf101518a64951947a494a6') in 0.032718 seconds 
========================================================================
Received Import Request.
  Time since last request: 0.000043 seconds.
  path: Assets/AurynSky/Dungeon Pack/Models/TrapDoorRD.fbx
  artifactKey: Guid(93ddb3ca1b3250f4a80cb786ac68931d) Importer(815301076,1909f56bfc062723c751e8b465ee728b)
Start importing Assets/AurynSky/Dungeon Pack/Models/TrapDoorRD.fbx using Guid(93ddb3ca1b3250f4a80cb786ac68931d) Importer(815301076,1909f56bfc062723c751e8b465ee728b)  -> (artifact id: 'd1841869a9b1ff903abb3cab72eec972') in 0.030696 seconds 
========================================================================
Received Import Request.
  Time since last request: 0.000032 seconds.
  path: Assets/AurynSky/Dungeon Pack/Models/LadderD.fbx
  artifactKey: Guid(807ebce0ec93c9544ab0b281fff1cdab) Importer(815301076,1909f56bfc062723c751e8b465ee728b)
Start importing Assets/AurynSky/Dungeon Pack/Models/LadderD.fbx using Guid(807ebce0ec93c9544ab0b281fff1cdab) Importer(815301076,1909f56bfc062723c751e8b465ee728b)  -> (artifact id: 'c22b1edae42b957257e5baa688dffb05') in 0.028390 seconds 
========================================================================
Received Import Request.
  Time since last request: 0.000027 seconds.
  path: Assets/AurynSky/Dungeon Pack/Models/BlockS01D.fbx
  artifactKey: Guid(5508321447dce6a4da3a291372934e34) Importer(815301076,1909f56bfc062723c751e8b465ee728b)
Start importing Assets/AurynSky/Dungeon Pack/Models/BlockS01D.fbx using Guid(5508321447dce6a4da3a291372934e34) Importer(815301076,1909f56bfc062723c751e8b465ee728b)  -> (artifact id: 'dda2a143d8680b6b31659d01813dc23e') in 0.027888 seconds 
========================================================================
Received Import Request.
  Time since last request: 0.000027 seconds.
  path: Assets/AurynSky/Dungeon Pack/Models/Skull0ClosedD.fbx
  artifactKey: Guid(f1d659279c108dd42a0daf60d45ab077) Importer(815301076,1909f56bfc062723c751e8b465ee728b)
Start importing Assets/AurynSky/Dungeon Pack/Models/Skull0ClosedD.fbx using Guid(f1d659279c108dd42a0daf60d45ab077) Importer(815301076,1909f56bfc062723c751e8b465ee728b)  -> (artifact id: '407f377a76febb2f1f504bb32a5751c1') in 0.029648 seconds 
========================================================================
Received Import Request.
  Time since last request: 0.000032 seconds.
  path: Assets/AurynSky/Dungeon Pack/Models/DoorLD.fbx
  artifactKey: Guid(01a913c2e88a083438054c513b2cd798) Importer(815301076,1909f56bfc062723c751e8b465ee728b)
Start importing Assets/AurynSky/Dungeon Pack/Models/DoorLD.fbx using Guid(01a913c2e88a083438054c513b2cd798) Importer(815301076,1909f56bfc062723c751e8b465ee728b)  -> (artifact id: 'ab2a749890b4f4799598c1fc2856f9eb') in 0.028056 seconds 
========================================================================
Received Import Request.
  Time since last request: 3.129563 seconds.
  path: Assets/AurynSky/Dungeon Pack/Prefabs/Red/BannerStandingRed.prefab
  artifactKey: Guid(429669ea6f874eb43bbf97470c68fb12) Importer(815301076,1909f56bfc062723c751e8b465ee728b)
Start importing Assets/AurynSky/Dungeon Pack/Prefabs/Red/BannerStandingRed.prefab using Guid(429669ea6f874eb43bbf97470c68fb12) Importer(815301076,1909f56bfc062723c751e8b465ee728b)  -> (artifact id: '8a5c9a9ef0521d3a1f618f2066e41ac7') in 0.061471 seconds 
========================================================================
Received Import Request.
  Time since last request: 0.000049 seconds.
  path: Assets/AurynSky/Dungeon Pack/Prefabs/Red/BrazRedD.prefab
  artifactKey: Guid(d793708be4ee5be40af341a5bdfc90dd) Importer(815301076,1909f56bfc062723c751e8b465ee728b)
Start importing Assets/AurynSky/Dungeon Pack/Prefabs/Red/BrazRedD.prefab using Guid(d793708be4ee5be40af341a5bdfc90dd) Importer(815301076,1909f56bfc062723c751e8b465ee728b)  -> (artifact id: '2262815ca999c403708102a06fc75378') in 0.061635 seconds 
========================================================================
Received Import Request.
  Time since last request: 2.226931 seconds.
  path: Assets/AurynSky/Dungeon Pack/Prefabs/Traps/SpearD.prefab
  artifactKey: Guid(52885593799113a428a7ed330ad57782) Importer(815301076,1909f56bfc062723c751e8b465ee728b)
Start importing Assets/AurynSky/Dungeon Pack/Prefabs/Traps/SpearD.prefab using Guid(52885593799113a428a7ed330ad57782) Importer(815301076,1909f56bfc062723c751e8b465ee728b)  -> (artifact id: 'ffc8a9aa49f2ca6c345f3b6c4c1b38fa') in 0.014254 seconds 
========================================================================
Received Import Request.
  Time since last request: 0.000032 seconds.
  path: Assets/AurynSky/Dungeon Pack/Prefabs/Traps/TrapDoorLD.prefab
  artifactKey: Guid(a5dcf289ffc9ef146a3e0fe6e522ffcd) Importer(815301076,1909f56bfc062723c751e8b465ee728b)
Start importing Assets/AurynSky/Dungeon Pack/Prefabs/Traps/TrapDoorLD.prefab using Guid(a5dcf289ffc9ef146a3e0fe6e522ffcd) Importer(815301076,1909f56bfc062723c751e8b465ee728b)  -> (artifact id: '47dc0bb7452eaaccff15d669e7eaec9c') in 0.017781 seconds 
========================================================================
Received Import Request.
  Time since last request: 0.000034 seconds.
  path: Assets/AurynSky/Dungeon Pack/Prefabs/Traps/TrapDoorRD.prefab
  artifactKey: Guid(7dcc9bd984107894e833a54743b41a74) Importer(815301076,1909f56bfc062723c751e8b465ee728b)
Start importing Assets/AurynSky/Dungeon Pack/Prefabs/Traps/TrapDoorRD.prefab using Guid(7dcc9bd984107894e833a54743b41a74) Importer(815301076,1909f56bfc062723c751e8b465ee728b)  -> (artifact id: '1ab8dd303aa080e0077662356b330fbb') in 0.017462 seconds 
========================================================================
Received Import Request.
  Time since last request: 0.000051 seconds.
  path: Assets/AurynSky/Dungeon Pack/Prefabs/Traps/TrapDoor.prefab
  artifactKey: Guid(a1644dd8880d0594d970514153034e86) Importer(815301076,1909f56bfc062723c751e8b465ee728b)
Start importing Assets/AurynSky/Dungeon Pack/Prefabs/Traps/TrapDoor.prefab using Guid(a1644dd8880d0594d970514153034e86) Importer(815301076,1909f56bfc062723c751e8b465ee728b)  -> (artifact id: '9a8320c8fcbc5e81b12f3876db5d858e') in 0.020824 seconds 
========================================================================
Received Import Request.
  Time since last request: 1.510609 seconds.
  path: Assets/AurynSky/Dungeon Pack/Prefabs/Blue/BannerStandingBlue.prefab
  artifactKey: Guid(4b403a38653c14e42bf3b31c0b7af879) Importer(815301076,1909f56bfc062723c751e8b465ee728b)
Start importing Assets/AurynSky/Dungeon Pack/Prefabs/Blue/BannerStandingBlue.prefab using Guid(4b403a38653c14e42bf3b31c0b7af879) Importer(815301076,1909f56bfc062723c751e8b465ee728b)  -> (artifact id: '9e0f48a5b6a62405dc67fdfb4d2a890a') in 0.023294 seconds 
========================================================================
Received Import Request.
  Time since last request: 0.000040 seconds.
  path: Assets/AurynSky/Dungeon Pack/Prefabs/Blue/Pillar01Blue.prefab
  artifactKey: Guid(a6203d28eee940e46805d17adbb401e2) Importer(815301076,1909f56bfc062723c751e8b465ee728b)
Start importing Assets/AurynSky/Dungeon Pack/Prefabs/Blue/Pillar01Blue.prefab using Guid(a6203d28eee940e46805d17adbb401e2) Importer(815301076,1909f56bfc062723c751e8b465ee728b)  -> (artifact id: '1075a96047e098a5eb225bd22651578d') in 0.020259 seconds 
========================================================================
Received Import Request.
  Time since last request: 0.000024 seconds.
  path: Assets/AurynSky/Dungeon Pack/Prefabs/Blue/BrazBlue.prefab
  artifactKey: Guid(a5a9ac49e2becd846ba2051cd984b584) Importer(815301076,1909f56bfc062723c751e8b465ee728b)
Start importing Assets/AurynSky/Dungeon Pack/Prefabs/Blue/BrazBlue.prefab using Guid(a5a9ac49e2becd846ba2051cd984b584) Importer(815301076,1909f56bfc062723c751e8b465ee728b)  -> (artifact id: 'b471aff93be75922017e9c92fe0e6c8c') in 0.023504 seconds 
========================================================================
Received Import Request.
  Time since last request: 3.458973 seconds.
  path: Assets/AurynSky/Dungeon Pack/Prefabs/General/BannerHolderSD.prefab
  artifactKey: Guid(72f4d9ce894021048b78fa5504c55393) Importer(815301076,1909f56bfc062723c751e8b465ee728b)
Start importing Assets/AurynSky/Dungeon Pack/Prefabs/General/BannerHolderSD.prefab using Guid(72f4d9ce894021048b78fa5504c55393) Importer(815301076,1909f56bfc062723c751e8b465ee728b)  -> (artifact id: '6c64af73fc63bb4eaa0e3296ffe08d3c') in 0.015426 seconds 
========================================================================
Received Import Request.
  Time since last request: 0.000022 seconds.
  path: Assets/AurynSky/Dungeon Pack/Prefabs/General/CageD.prefab
  artifactKey: Guid(ee1aeba65983cc34788500f726965fd0) Importer(815301076,1909f56bfc062723c751e8b465ee728b)
Start importing Assets/AurynSky/Dungeon Pack/Prefabs/General/CageD.prefab using Guid(ee1aeba65983cc34788500f726965fd0) Importer(815301076,1909f56bfc062723c751e8b465ee728b)  -> (artifact id: '2e49a4a716041acd9b02346e18bba42a') in 0.015988 seconds 
========================================================================
Received Import Request.
  Time since last request: 0.000025 seconds.
  path: Assets/AurynSky/Dungeon Pack/Prefabs/General/Pole02D.prefab
  artifactKey: Guid(4f41d277a7ff7c84b8af8d5d16e2fbd3) Importer(815301076,1909f56bfc062723c751e8b465ee728b)
Start importing Assets/AurynSky/Dungeon Pack/Prefabs/General/Pole02D.prefab using Guid(4f41d277a7ff7c84b8af8d5d16e2fbd3) Importer(815301076,1909f56bfc062723c751e8b465ee728b)  -> (artifact id: '2cfc017a1ecf65e90e51a6479cbad42c') in 0.019375 seconds 
========================================================================
Received Import Request.
  Time since last request: 0.000030 seconds.
  path: Assets/AurynSky/Dungeon Pack/Prefabs/General/SkullOpenD.prefab
  artifactKey: Guid(ff9a53b324f9aa54a88bbffc8aa95b27) Importer(815301076,1909f56bfc062723c751e8b465ee728b)
Start importing Assets/AurynSky/Dungeon Pack/Prefabs/General/SkullOpenD.prefab using Guid(ff9a53b324f9aa54a88bbffc8aa95b27) Importer(815301076,1909f56bfc062723c751e8b465ee728b)  -> (artifact id: '541a874294626e6f7869de316a71c2e5') in 0.017650 seconds 
========================================================================
Received Import Request.
  Time since last request: 0.000029 seconds.
  path: Assets/AurynSky/Dungeon Pack/Prefabs/General/BlockS01D.prefab
  artifactKey: Guid(d84761ee8e7af9a4babafc0657772d0f) Importer(815301076,1909f56bfc062723c751e8b465ee728b)
Start importing Assets/AurynSky/Dungeon Pack/Prefabs/General/BlockS01D.prefab using Guid(d84761ee8e7af9a4babafc0657772d0f) Importer(815301076,1909f56bfc062723c751e8b465ee728b)  -> (artifact id: 'b3e8e5ee0c61ca557b7806a46281561c') in 0.020556 seconds 
========================================================================
Received Import Request.
  Time since last request: 0.000031 seconds.
  path: Assets/AurynSky/Dungeon Pack/Prefabs/General/FireD.prefab
  artifactKey: Guid(ac4da5b092d0c154cbf0cf26e7506c92) Importer(815301076,1909f56bfc062723c751e8b465ee728b)
Start importing Assets/AurynSky/Dungeon Pack/Prefabs/General/FireD.prefab using Guid(ac4da5b092d0c154cbf0cf26e7506c92) Importer(815301076,1909f56bfc062723c751e8b465ee728b)  -> (artifact id: 'd82a38ffb2bb32620f5bb3c3f96a2926') in 0.018486 seconds 
========================================================================
Received Import Request.
  Time since last request: 0.000027 seconds.
  path: Assets/AurynSky/Dungeon Pack/Prefabs/General/ChestBD.prefab
  artifactKey: Guid(70b87e68ac8cccb4ca8e8c617b21ff9c) Importer(815301076,1909f56bfc062723c751e8b465ee728b)
Start importing Assets/AurynSky/Dungeon Pack/Prefabs/General/ChestBD.prefab using Guid(70b87e68ac8cccb4ca8e8c617b21ff9c) Importer(815301076,1909f56bfc062723c751e8b465ee728b)  -> (artifact id: '96cff3f08019d376f4b768f5c2296014') in 0.016488 seconds 
========================================================================
Received Import Request.
  Time since last request: 0.000039 seconds.
  path: Assets/AurynSky/Dungeon Pack/Prefabs/General/WaterQuadD.prefab
  artifactKey: Guid(d57e280f4c590714887f370307920c53) Importer(815301076,1909f56bfc062723c751e8b465ee728b)
Start importing Assets/AurynSky/Dungeon Pack/Prefabs/General/WaterQuadD.prefab using Guid(d57e280f4c590714887f370307920c53) Importer(815301076,1909f56bfc062723c751e8b465ee728b)  -> (artifact id: '2865f07abed77d993314ff88fe5d15ff') in 0.018669 seconds 
========================================================================
Received Import Request.
  Time since last request: 0.000038 seconds.
  path: Assets/AurynSky/Dungeon Pack/Prefabs/General/Window.prefab
  artifactKey: Guid(1e79dbc17f432da4bbadfe8f90200c4d) Importer(815301076,1909f56bfc062723c751e8b465ee728b)
Start importing Assets/AurynSky/Dungeon Pack/Prefabs/General/Window.prefab using Guid(1e79dbc17f432da4bbadfe8f90200c4d) Importer(815301076,1909f56bfc062723c751e8b465ee728b)  -> (artifact id: 'f2212857e0fc772d712795b6eaa1c4bc') in 0.021701 seconds 
========================================================================
Received Import Request.
  Time since last request: 0.000032 seconds.
  path: Assets/AurynSky/Dungeon Pack/Prefabs/General/Castle.prefab
  artifactKey: Guid(88fd4eb49c31e344aace35150007757c) Importer(815301076,1909f56bfc062723c751e8b465ee728b)
Start importing Assets/AurynSky/Dungeon Pack/Prefabs/General/Castle.prefab using Guid(88fd4eb49c31e344aace35150007757c) Importer(815301076,1909f56bfc062723c751e8b465ee728b)  -> (artifact id: '112b0ecc8309534e254d20c4ea2dbe3b') in 0.021577 seconds 
========================================================================
Received Import Request.
  Time since last request: 0.000058 seconds.
  path: Assets/AurynSky/Dungeon Pack/Prefabs/General/TowerWindows.prefab
  artifactKey: Guid(a735d73378e828641b3e7441c8fcfa09) Importer(815301076,1909f56bfc062723c751e8b465ee728b)
Start importing Assets/AurynSky/Dungeon Pack/Prefabs/General/TowerWindows.prefab using Guid(a735d73378e828641b3e7441c8fcfa09) Importer(815301076,1909f56bfc062723c751e8b465ee728b)  -> (artifact id: 'a3915f266b66ac3134355dbeb323c453') in 0.022760 seconds 
========================================================================
Received Import Request.
  Time since last request: 0.000039 seconds.
  path: Assets/AurynSky/Dungeon Pack/Prefabs/General/ChestCompleteD.prefab
  artifactKey: Guid(a503d6f3d2ee47148a09639f019b31c5) Importer(815301076,1909f56bfc062723c751e8b465ee728b)
Start importing Assets/AurynSky/Dungeon Pack/Prefabs/General/ChestCompleteD.prefab using Guid(a503d6f3d2ee47148a09639f019b31c5) Importer(815301076,1909f56bfc062723c751e8b465ee728b)  -> (artifact id: '21c57efe825d6cf9e4de5507defb620f') in 0.025635 seconds 
========================================================================
Received Import Request.
  Time since last request: 0.000069 seconds.
  path: Assets/AurynSky/Dungeon Pack/Prefabs/General/Skull0ClosedD.prefab
  artifactKey: Guid(07428cfeb07f41144b70e1d7145d2ad3) Importer(815301076,1909f56bfc062723c751e8b465ee728b)
Start importing Assets/AurynSky/Dungeon Pack/Prefabs/General/Skull0ClosedD.prefab using Guid(07428cfeb07f41144b70e1d7145d2ad3) Importer(815301076,1909f56bfc062723c751e8b465ee728b)  -> (artifact id: '001856212dbd0105506b272f08462207') in 0.019151 seconds 
========================================================================
Received Import Request.
  Time since last request: 0.000048 seconds.
  path: Assets/AurynSky/Dungeon Pack/Prefabs/General/Pole01D.prefab
  artifactKey: Guid(5c8d51cd86203bd4ab21cf3caae31147) Importer(815301076,1909f56bfc062723c751e8b465ee728b)
Start importing Assets/AurynSky/Dungeon Pack/Prefabs/General/Pole01D.prefab using Guid(5c8d51cd86203bd4ab21cf3caae31147) Importer(815301076,1909f56bfc062723c751e8b465ee728b)  -> (artifact id: 'e5d6fc944812eee67cdc20b2b2e46933') in 0.017029 seconds 
========================================================================
Received Import Request.
  Time since last request: 0.000033 seconds.
  path: Assets/AurynSky/Dungeon Pack/Prefabs/General/CageCompleteD.prefab
  artifactKey: Guid(3bfc6ea068c5de043b3245865ec6ed69) Importer(815301076,1909f56bfc062723c751e8b465ee728b)
Start importing Assets/AurynSky/Dungeon Pack/Prefabs/General/CageCompleteD.prefab using Guid(3bfc6ea068c5de043b3245865ec6ed69) Importer(815301076,1909f56bfc062723c751e8b465ee728b)  -> (artifact id: '95145ad6dc66a837dae793da4fd0842b') in 0.021694 seconds 
========================================================================
Received Import Request.
  Time since last request: 167.861560 seconds.
  path: Assets/AurynSky/Dungeon Pack/Textures/CubeParticleDungeon.psd
  artifactKey: Guid(3159d571aef84da40aa883a68d4a7753) Importer(815301076,1909f56bfc062723c751e8b465ee728b)
Start importing Assets/AurynSky/Dungeon Pack/Textures/CubeParticleDungeon.psd using Guid(3159d571aef84da40aa883a68d4a7753) Importer(815301076,1909f56bfc062723c751e8b465ee728b)  -> (artifact id: '0eb47cf893448bb25059414a0186709a') in 0.037029 seconds 
========================================================================
Received Import Request.
  Time since last request: 419.768354 seconds.
  path: Assets/AurynSky/Dungeon Pack/Prefabs/General/BannerHolderSD.prefab
  artifactKey: Guid(72f4d9ce894021048b78fa5504c55393) Importer(815301076,1909f56bfc062723c751e8b465ee728b)
Start importing Assets/AurynSky/Dungeon Pack/Prefabs/General/BannerHolderSD.prefab using Guid(72f4d9ce894021048b78fa5504c55393) Importer(815301076,1909f56bfc062723c751e8b465ee728b)  -> (artifact id: '7c69e4412a709f8df374ff43811fbd46') in 0.022365 seconds 
========================================================================
Received Import Request.
  Time since last request: 0.000036 seconds.
  path: Assets/AurynSky/Dungeon Pack/Prefabs/General/CageD.prefab
  artifactKey: Guid(ee1aeba65983cc34788500f726965fd0) Importer(815301076,1909f56bfc062723c751e8b465ee728b)
Start importing Assets/AurynSky/Dungeon Pack/Prefabs/General/CageD.prefab using Guid(ee1aeba65983cc34788500f726965fd0) Importer(815301076,1909f56bfc062723c751e8b465ee728b)  -> (artifact id: '6575b9bb8add8cc326fcf230b6cd262a') in 0.019808 seconds 
========================================================================
Received Import Request.
  Time since last request: 0.000039 seconds.
  path: Assets/AurynSky/Dungeon Pack/Prefabs/General/Pole02D.prefab
  artifactKey: Guid(4f41d277a7ff7c84b8af8d5d16e2fbd3) Importer(815301076,1909f56bfc062723c751e8b465ee728b)
Start importing Assets/AurynSky/Dungeon Pack/Prefabs/General/Pole02D.prefab using Guid(4f41d277a7ff7c84b8af8d5d16e2fbd3) Importer(815301076,1909f56bfc062723c751e8b465ee728b)  -> (artifact id: 'ea214495b466c41f0180e2d3b9a9f7cb') in 0.017044 seconds 
========================================================================
Received Import Request.
  Time since last request: 0.000033 seconds.
  path: Assets/AurynSky/Dungeon Pack/Prefabs/General/BlockS01D.prefab
  artifactKey: Guid(d84761ee8e7af9a4babafc0657772d0f) Importer(815301076,1909f56bfc062723c751e8b465ee728b)
Start importing Assets/AurynSky/Dungeon Pack/Prefabs/General/BlockS01D.prefab using Guid(d84761ee8e7af9a4babafc0657772d0f) Importer(815301076,1909f56bfc062723c751e8b465ee728b)  -> (artifact id: '8425b91d8346a797ef68ee38912c5f0d') in 0.012064 seconds 
========================================================================
Received Import Request.
  Time since last request: 0.000035 seconds.
  path: Assets/AurynSky/Dungeon Pack/Prefabs/General/Floor02D.prefab
  artifactKey: Guid(505ad28b849b40247ac593fc3686dd16) Importer(815301076,1909f56bfc062723c751e8b465ee728b)
Start importing Assets/AurynSky/Dungeon Pack/Prefabs/General/Floor02D.prefab using Guid(505ad28b849b40247ac593fc3686dd16) Importer(815301076,1909f56bfc062723c751e8b465ee728b)  -> (artifact id: '1cde17cbe7d11773cd367d1d9e22f7ef') in 0.011804 seconds 
========================================================================
Received Import Request.
  Time since last request: 0.000041 seconds.
  path: Assets/AurynSky/Dungeon Pack/Prefabs/General/ChestBD.prefab
  artifactKey: Guid(70b87e68ac8cccb4ca8e8c617b21ff9c) Importer(815301076,1909f56bfc062723c751e8b465ee728b)
Start importing Assets/AurynSky/Dungeon Pack/Prefabs/General/ChestBD.prefab using Guid(70b87e68ac8cccb4ca8e8c617b21ff9c) Importer(815301076,1909f56bfc062723c751e8b465ee728b)  -> (artifact id: 'a1f0af918b63d2eebf24acf8d3761ef9') in 0.012125 seconds 
========================================================================
Received Import Request.
  Time since last request: 0.000024 seconds.
  path: Assets/AurynSky/Dungeon Pack/Prefabs/General/GrateD.prefab
  artifactKey: Guid(8a61b0f9c401a88499c56369f7d4b194) Importer(815301076,1909f56bfc062723c751e8b465ee728b)
Start importing Assets/AurynSky/Dungeon Pack/Prefabs/General/GrateD.prefab using Guid(8a61b0f9c401a88499c56369f7d4b194) Importer(815301076,1909f56bfc062723c751e8b465ee728b)  -> (artifact id: '1af63e36206927edf216c9461a7b16b5') in 0.017890 seconds 
========================================================================
Received Import Request.
  Time since last request: 0.000031 seconds.
  path: Assets/AurynSky/Dungeon Pack/Prefabs/General/Castle.prefab
  artifactKey: Guid(88fd4eb49c31e344aace35150007757c) Importer(815301076,1909f56bfc062723c751e8b465ee728b)
Start importing Assets/AurynSky/Dungeon Pack/Prefabs/General/Castle.prefab using Guid(88fd4eb49c31e344aace35150007757c) Importer(815301076,1909f56bfc062723c751e8b465ee728b)  -> (artifact id: 'f004eb473b8b9db2d0a98e5ad756e7a1') in 0.012212 seconds 
========================================================================
Received Import Request.
  Time since last request: 0.000047 seconds.
  path: Assets/AurynSky/Dungeon Pack/Prefabs/General/TowerWindows.prefab
  artifactKey: Guid(a735d73378e828641b3e7441c8fcfa09) Importer(815301076,1909f56bfc062723c751e8b465ee728b)
Start importing Assets/AurynSky/Dungeon Pack/Prefabs/General/TowerWindows.prefab using Guid(a735d73378e828641b3e7441c8fcfa09) Importer(815301076,1909f56bfc062723c751e8b465ee728b)  -> (artifact id: 'c1654c7bdd99a1ee380f11af7e86085d') in 0.017285 seconds 
========================================================================
Received Import Request.
  Time since last request: 0.000029 seconds.
  path: Assets/AurynSky/Dungeon Pack/Prefabs/General/ChestCompleteD.prefab
  artifactKey: Guid(a503d6f3d2ee47148a09639f019b31c5) Importer(815301076,1909f56bfc062723c751e8b465ee728b)
Start importing Assets/AurynSky/Dungeon Pack/Prefabs/General/ChestCompleteD.prefab using Guid(a503d6f3d2ee47148a09639f019b31c5) Importer(815301076,1909f56bfc062723c751e8b465ee728b)  -> (artifact id: 'b74811c15b9c2a228935a56e69fd24f3') in 0.015123 seconds 
========================================================================
Received Import Request.
  Time since last request: 0.000038 seconds.
  path: Assets/AurynSky/Dungeon Pack/Prefabs/General/Skull0ClosedD.prefab
  artifactKey: Guid(07428cfeb07f41144b70e1d7145d2ad3) Importer(815301076,1909f56bfc062723c751e8b465ee728b)
Start importing Assets/AurynSky/Dungeon Pack/Prefabs/General/Skull0ClosedD.prefab using Guid(07428cfeb07f41144b70e1d7145d2ad3) Importer(815301076,1909f56bfc062723c751e8b465ee728b)  -> (artifact id: 'a4a43f61ae8e42047b41e49f2df5e3fe') in 0.016176 seconds 
========================================================================
Received Import Request.
  Time since last request: 0.000031 seconds.
  path: Assets/AurynSky/Dungeon Pack/Prefabs/General/Pole01D.prefab
  artifactKey: Guid(5c8d51cd86203bd4ab21cf3caae31147) Importer(815301076,1909f56bfc062723c751e8b465ee728b)
Start importing Assets/AurynSky/Dungeon Pack/Prefabs/General/Pole01D.prefab using Guid(5c8d51cd86203bd4ab21cf3caae31147) Importer(815301076,1909f56bfc062723c751e8b465ee728b)  -> (artifact id: 'f285ebce4f1ee7ba8c5cab9c23058fdf') in 0.010511 seconds 
========================================================================
Received Import Request.
  Time since last request: 0.000027 seconds.
  path: Assets/AurynSky/Dungeon Pack/Prefabs/General/CageCompleteD.prefab
  artifactKey: Guid(3bfc6ea068c5de043b3245865ec6ed69) Importer(815301076,1909f56bfc062723c751e8b465ee728b)
Start importing Assets/AurynSky/Dungeon Pack/Prefabs/General/CageCompleteD.prefab using Guid(3bfc6ea068c5de043b3245865ec6ed69) Importer(815301076,1909f56bfc062723c751e8b465ee728b)  -> (artifact id: 'a08311114733ea98697c9f0fb24135fc') in 0.014103 seconds 
========================================================================
Received Prepare
Registering precompiled user dll's ...
Registered in 0.005479 seconds.
Begin MonoManager ReloadAssembly
Symbol file LoadedFromMemory doesn't match image E:\Unity Projects\3D Dungeon Design\Library\PackageCache\com.unity.visualscripting@1.7.8\Editor\VisualScripting.Core\Dependencies\YamlDotNet\Unity.VisualScripting.YamlDotNet.dll
Symbol file LoadedFromMemory doesn't match image E:\Unity Projects\3D Dungeon Design\Library\PackageCache\com.unity.visualscripting@1.7.8\Editor\VisualScripting.Core\Dependencies\DotNetZip\Unity.VisualScripting.IonicZip.dll
Native extension for WindowsStandalone target not found
Refreshing native plugins compatible for Editor in 1.17 ms, found 3 plugins.
Preloading 0 native plugins for Editor in 0.00 ms.
Mono: successfully reloaded assembly
- Completed reload, in  1.758 seconds
Domain Reload Profiling:
	ReloadAssembly (1759ms)
		BeginReloadAssembly (194ms)
			ExecutionOrderSort (0ms)
			DisableScriptedObjects (6ms)
			BackupInstance (0ms)
			ReleaseScriptingObjects (0ms)
			CreateAndSetChildDomain (51ms)
		EndReloadAssembly (1419ms)
			LoadAssemblies (124ms)
			RebuildTransferFunctionScriptingTraits (0ms)
			SetupTypeCache (475ms)
			ReleaseScriptCaches (2ms)
			RebuildScriptCaches (88ms)
			SetupLoadedEditorAssemblies (632ms)
				LogAssemblyErrors (0ms)
				InitializePlatformSupportModulesInManaged (26ms)
				SetLoadedEditorAssemblies (1ms)
				RefreshPlugins (1ms)
				BeforeProcessingInitializeOnLoad (122ms)
				ProcessInitializeOnLoadAttributes (410ms)
				ProcessInitializeOnLoadMethodAttributes (46ms)
				AfterProcessingInitializeOnLoad (25ms)
				EditorAssembliesLoaded (0ms)
			ExecutionOrderSort2 (0ms)
			AwakeInstancesAfterBackupRestoration (13ms)
Platform modules already initialized, skipping
Refreshing native plugins compatible for Editor in 3.35 ms, found 3 plugins.
Preloading 0 native plugins for Editor in 0.00 ms.
Unloading 3358 Unused Serialized files (Serialized files now loaded: 0)
Unloading 20 unused Assets / (80.2 KB). Loaded Objects now: 3876.
Memory consumption went from 134.3 MB to 134.2 MB.
Total: 5.533100 ms (FindLiveObjects: 0.348900 ms CreateObjectMapping: 0.588200 ms MarkObjects: 4.463300 ms  DeleteObjects: 0.129800 ms)

AssetImportParameters requested are different than current active one (requested -> active):
  custom:video-decoder-ogg-theora: a1e56fd34408186e4bbccfd4996cb3dc -> 
  custom:container-muxer-webm: aa71ff27fc2769a1b78a27578f13a17b -> 
  custom:container-demuxer-webm: 4f35f7cbe854078d1ac9338744f61a02 -> 
  custom:video-encoder-webm-vp8: eb34c28f22e8b96e1ab97ce403110664 -> 
  custom:audio-encoder-webm-vorbis: bf7c407c2cedff20999df2af8eb42d56 -> 
  custom:framework-win-MediaFoundation: 216162199b28c13a410421893ffa2e32 -> 
  custom:container-demuxer-ogg: 62fdf1f143b41e24485cea50d1cbac27 -> 
  custom:video-decoder-webm-vp8: 9c59270c3fd7afecdb556c50c9e8de78 -> 
  custom:audio-decoder-ogg-vorbis: bf7c407c2cedff20999df2af8eb42d56 -> 
