Using pre-set license
Built from '2021.3/staging' branch; Version is '2021.3.16f1 (4016570cf34f) revision 4200023'; Using compiler version '192829333'; Build Type 'Release'
OS: 'Windows 10  (10.0.19044) 64bit Core' Language: 'en' Physical Memory: 16193 MB
BatchMode: 1, IsHumanControllingUs: 0, StartBugReporterOnCrash: 0, Is64bit: 1, IsPro: 1

COMMAND LINE ARGUMENTS:
C:\Program Files\Unity\Hub\Editor\2021.3.16f1\Editor\Unity.exe
-adb2
-batchMode
-noUpm
-name
AssetImportWorker1
-projectPath
E:/Unity Projects/3D Dungeon Design
-logFile
Logs/AssetImportWorker1.log
-srvPort
54627
Successfully changed project path to: E:/Unity Projects/3D Dungeon Design
E:/Unity Projects/3D Dungeon Design
[UnityMemory] Configuration Parameters - Can be set up in boot.config
    "memorysetup-bucket-allocator-granularity=16"
    "memorysetup-bucket-allocator-bucket-count=8"
    "memorysetup-bucket-allocator-block-size=33554432"
    "memorysetup-bucket-allocator-block-count=8"
    "memorysetup-main-allocator-block-size=16777216"
    "memorysetup-thread-allocator-block-size=16777216"
    "memorysetup-gfx-main-allocator-block-size=16777216"
    "memorysetup-gfx-thread-allocator-block-size=16777216"
    "memorysetup-cache-allocator-block-size=4194304"
    "memorysetup-typetree-allocator-block-size=2097152"
    "memorysetup-profiler-bucket-allocator-granularity=16"
    "memorysetup-profiler-bucket-allocator-bucket-count=8"
    "memorysetup-profiler-bucket-allocator-block-size=33554432"
    "memorysetup-profiler-bucket-allocator-block-count=8"
    "memorysetup-profiler-allocator-block-size=16777216"
    "memorysetup-profiler-editor-allocator-block-size=1048576"
    "memorysetup-temp-allocator-size-main=16777216"
    "memorysetup-job-temp-allocator-block-size=2097152"
    "memorysetup-job-temp-allocator-block-size-background=1048576"
    "memorysetup-job-temp-allocator-reduction-small-platforms=262144"
    "memorysetup-temp-allocator-size-background-worker=32768"
    "memorysetup-temp-allocator-size-job-worker=262144"
    "memorysetup-temp-allocator-size-preload-manager=33554432"
    "memorysetup-temp-allocator-size-nav-mesh-worker=65536"
    "memorysetup-temp-allocator-size-audio-worker=65536"
    "memorysetup-temp-allocator-size-cloud-worker=32768"
    "memorysetup-temp-allocator-size-gi-baking-worker=262144"
    "memorysetup-temp-allocator-size-gfx=262144"
Player connection [29192] Host "[IP] 192.168.1.168 [Port] 0 [Flags] 2 [Guid] 975335691 [EditorId] 975335691 [Version] 1048832 [Id] WindowsEditor(7,DESKTOP-0QRPCUD) [Debug] 1 [PackageName] WindowsEditor [ProjectName] Editor" joined multi-casting on [225.0.0.222:54997]...

Player connection [29192] Host "[IP] 192.168.1.168 [Port] 0 [Flags] 2 [Guid] 975335691 [EditorId] 975335691 [Version] 1048832 [Id] WindowsEditor(7,DESKTOP-0QRPCUD) [Debug] 1 [PackageName] WindowsEditor [ProjectName] Editor" joined alternative multi-casting on [225.0.0.222:34997]...

Refreshing native plugins compatible for Editor in 134.79 ms, found 3 plugins.
Preloading 0 native plugins for Editor in 0.00 ms.
Initialize engine version: 2021.3.16f1 (4016570cf34f)
[Subsystems] Discovering subsystems at path C:/Program Files/Unity/Hub/Editor/2021.3.16f1/Editor/Data/Resources/UnitySubsystems
[Subsystems] Discovering subsystems at path E:/Unity Projects/3D Dungeon Design/Assets
GfxDevice: creating device client; threaded=0; jobified=0
Direct3D:
    Version:  Direct3D 11.0 [level 11.1]
    Renderer: NVIDIA GeForce GTX 1650 (ID=0x1f91)
    Vendor:   NVIDIA
    VRAM:     3962 MB
    Driver:   31.0.15.1659
Initialize mono
Mono path[0] = 'C:/Program Files/Unity/Hub/Editor/2021.3.16f1/Editor/Data/Managed'
Mono path[1] = 'C:/Program Files/Unity/Hub/Editor/2021.3.16f1/Editor/Data/MonoBleedingEdge/lib/mono/unityjit-win32'
Mono config path = 'C:/Program Files/Unity/Hub/Editor/2021.3.16f1/Editor/Data/MonoBleedingEdge/etc'
Using monoOptions --debugger-agent=transport=dt_socket,embedding=1,server=y,suspend=n,address=127.0.0.1:56788
Begin MonoManager ReloadAssembly
Registering precompiled unity dll's ...
Register platform support module: C:/Program Files/Unity/Hub/Editor/2021.3.16f1/Editor/Data/PlaybackEngines/WindowsStandaloneSupport/UnityEditor.WindowsStandalone.Extensions.dll
Registered in 0.013870 seconds.
Native extension for WindowsStandalone target not found
Refreshing native plugins compatible for Editor in 126.56 ms, found 3 plugins.
Preloading 0 native plugins for Editor in 0.00 ms.
Mono: successfully reloaded assembly
- Completed reload, in  1.019 seconds
Domain Reload Profiling:
	ReloadAssembly (1020ms)
		BeginReloadAssembly (116ms)
			ExecutionOrderSort (0ms)
			DisableScriptedObjects (0ms)
			BackupInstance (0ms)
			ReleaseScriptingObjects (0ms)
			CreateAndSetChildDomain (1ms)
		EndReloadAssembly (718ms)
			LoadAssemblies (111ms)
			RebuildTransferFunctionScriptingTraits (0ms)
			SetupTypeCache (165ms)
			ReleaseScriptCaches (0ms)
			RebuildScriptCaches (40ms)
			SetupLoadedEditorAssemblies (431ms)
				LogAssemblyErrors (0ms)
				InitializePlatformSupportModulesInManaged (14ms)
				SetLoadedEditorAssemblies (0ms)
				RefreshPlugins (127ms)
				BeforeProcessingInitializeOnLoad (2ms)
				ProcessInitializeOnLoadAttributes (208ms)
				ProcessInitializeOnLoadMethodAttributes (81ms)
				AfterProcessingInitializeOnLoad (0ms)
				EditorAssembliesLoaded (0ms)
			ExecutionOrderSort2 (0ms)
			AwakeInstancesAfterBackupRestoration (0ms)
Platform modules already initialized, skipping
Registering precompiled user dll's ...
Registered in 0.007689 seconds.
Begin MonoManager ReloadAssembly
Symbol file LoadedFromMemory doesn't match image E:\Unity Projects\3D Dungeon Design\Library\PackageCache\com.unity.visualscripting@1.7.8\Editor\VisualScripting.Core\Dependencies\YamlDotNet\Unity.VisualScripting.YamlDotNet.dll
Symbol file LoadedFromMemory doesn't match image E:\Unity Projects\3D Dungeon Design\Library\PackageCache\com.unity.visualscripting@1.7.8\Editor\VisualScripting.Core\Dependencies\DotNetZip\Unity.VisualScripting.IonicZip.dll
Native extension for WindowsStandalone target not found
Refreshing native plugins compatible for Editor in 1.29 ms, found 3 plugins.
Preloading 0 native plugins for Editor in 0.00 ms.
Mono: successfully reloaded assembly
- Completed reload, in  1.780 seconds
Domain Reload Profiling:
	ReloadAssembly (1782ms)
		BeginReloadAssembly (158ms)
			ExecutionOrderSort (0ms)
			DisableScriptedObjects (8ms)
			BackupInstance (0ms)
			ReleaseScriptingObjects (0ms)
			CreateAndSetChildDomain (26ms)
		EndReloadAssembly (1467ms)
			LoadAssemblies (122ms)
			RebuildTransferFunctionScriptingTraits (0ms)
			SetupTypeCache (499ms)
			ReleaseScriptCaches (1ms)
			RebuildScriptCaches (93ms)
			SetupLoadedEditorAssemblies (674ms)
				LogAssemblyErrors (0ms)
				InitializePlatformSupportModulesInManaged (9ms)
				SetLoadedEditorAssemblies (1ms)
				RefreshPlugins (1ms)
				BeforeProcessingInitializeOnLoad (143ms)
				ProcessInitializeOnLoadAttributes (455ms)
				ProcessInitializeOnLoadMethodAttributes (45ms)
				AfterProcessingInitializeOnLoad (20ms)
				EditorAssembliesLoaded (0ms)
			ExecutionOrderSort2 (0ms)
			AwakeInstancesAfterBackupRestoration (10ms)
Platform modules already initialized, skipping
========================================================================
Worker process is ready to serve import requests
Launched and connected shader compiler UnityShaderCompiler.exe after 0.07 seconds
Refreshing native plugins compatible for Editor in 1.47 ms, found 3 plugins.
Preloading 0 native plugins for Editor in 0.00 ms.
Unloading 3742 Unused Serialized files (Serialized files now loaded: 0)
Unloading 28 unused Assets / (152.1 KB). Loaded Objects now: 4208.
Memory consumption went from 134.6 MB to 134.5 MB.
Total: 5.910600 ms (FindLiveObjects: 0.454800 ms CreateObjectMapping: 0.497200 ms MarkObjects: 4.545200 ms  DeleteObjects: 0.411500 ms)

AssetImportParameters requested are different than current active one (requested -> active):
  custom:video-decoder-ogg-theora: a1e56fd34408186e4bbccfd4996cb3dc -> 
  custom:container-muxer-webm: aa71ff27fc2769a1b78a27578f13a17b -> 
  custom:container-demuxer-webm: 4f35f7cbe854078d1ac9338744f61a02 -> 
  custom:video-encoder-webm-vp8: eb34c28f22e8b96e1ab97ce403110664 -> 
  custom:audio-encoder-webm-vorbis: bf7c407c2cedff20999df2af8eb42d56 -> 
  custom:framework-win-MediaFoundation: 216162199b28c13a410421893ffa2e32 -> 
  custom:container-demuxer-ogg: 62fdf1f143b41e24485cea50d1cbac27 -> 
  custom:video-decoder-webm-vp8: 9c59270c3fd7afecdb556c50c9e8de78 -> 
  custom:audio-decoder-ogg-vorbis: bf7c407c2cedff20999df2af8eb42d56 -> 
========================================================================
Received Import Request.
  Time since last request: 733013.983127 seconds.
  path: Assets/LowPolyDungeonsLite/Models/Wall_27.fbx
  artifactKey: Guid(657987f19f0767d4f81541198f8e3eff) Importer(815301076,1909f56bfc062723c751e8b465ee728b)
Start importing Assets/LowPolyDungeonsLite/Models/Wall_27.fbx using Guid(657987f19f0767d4f81541198f8e3eff) Importer(815301076,1909f56bfc062723c751e8b465ee728b)  -> (artifact id: 'e6328332ba1233c5d40ff9171a42439a') in 0.311851 seconds 
========================================================================
Received Import Request.
  Time since last request: 0.000056 seconds.
  path: Assets/LowPoly Fantasy Monsters Pack Ver1.0_Demo/Fbx/wolf.FBX
  artifactKey: Guid(c95dabe0c74542b4e9b97794b2369a37) Importer(815301076,1909f56bfc062723c751e8b465ee728b)
Start importing Assets/LowPoly Fantasy Monsters Pack Ver1.0_Demo/Fbx/wolf.FBX using Guid(c95dabe0c74542b4e9b97794b2369a37) Importer(815301076,1909f56bfc062723c751e8b465ee728b)  -> (artifact id: '9c8b8ed427357fbd5b32998e684bdcd9') in 0.073855 seconds 
========================================================================
Received Import Request.
  Time since last request: 0.000046 seconds.
  path: Assets/LowPolyDungeonsLite/Models/Table_01.fbx
  artifactKey: Guid(d6d2f7aefe8e8cb4aac4725d78e70fde) Importer(815301076,1909f56bfc062723c751e8b465ee728b)
Start importing Assets/LowPolyDungeonsLite/Models/Table_01.fbx using Guid(d6d2f7aefe8e8cb4aac4725d78e70fde) Importer(815301076,1909f56bfc062723c751e8b465ee728b)  -> (artifact id: 'a9f6ab8f260147315ff6a7d6be6540d4') in 0.033319 seconds 
========================================================================
Received Import Request.
  Time since last request: 0.000039 seconds.
  path: Assets/LowPolyDungeonsLite/Models/Box_02.fbx
  artifactKey: Guid(8257fe5fd024e1640b84edb679463fd9) Importer(815301076,1909f56bfc062723c751e8b465ee728b)
Start importing Assets/LowPolyDungeonsLite/Models/Box_02.fbx using Guid(8257fe5fd024e1640b84edb679463fd9) Importer(815301076,1909f56bfc062723c751e8b465ee728b)  -> (artifact id: '9f87aab5a2a9e0ac03d35e013747bda7') in 0.034560 seconds 
========================================================================
Received Import Request.
  Time since last request: 0.000028 seconds.
  path: Assets/Lite Voxel Dungion/Floors/Objects/lavafloor.fbx
  artifactKey: Guid(cb1e5942e4ce8974480437c3189269c9) Importer(815301076,1909f56bfc062723c751e8b465ee728b)
Start importing Assets/Lite Voxel Dungion/Floors/Objects/lavafloor.fbx using Guid(cb1e5942e4ce8974480437c3189269c9) Importer(815301076,1909f56bfc062723c751e8b465ee728b)  -> (artifact id: '24fa85bc5bdb470bb7547ef881219d69') in 0.075758 seconds 
========================================================================
Received Import Request.
  Time since last request: 0.000029 seconds.
  path: Assets/Lite Voxel Dungion/Floors/Objects/standaedfloor.fbx
  artifactKey: Guid(bf9abc7e94aae704e87a47500b253c2d) Importer(815301076,1909f56bfc062723c751e8b465ee728b)
Start importing Assets/Lite Voxel Dungion/Floors/Objects/standaedfloor.fbx using Guid(bf9abc7e94aae704e87a47500b253c2d) Importer(815301076,1909f56bfc062723c751e8b465ee728b)  -> (artifact id: '9f1ca9b5454fd33b1b0dea00051de59c') in 0.055864 seconds 
========================================================================
Received Import Request.
  Time since last request: 0.000043 seconds.
  path: Assets/LowPolyDungeonsLite/Models/Column_01.fbx
  artifactKey: Guid(1bff7d79ae1b141448f2db1e49eb3c81) Importer(815301076,1909f56bfc062723c751e8b465ee728b)
Start importing Assets/LowPolyDungeonsLite/Models/Column_01.fbx using Guid(1bff7d79ae1b141448f2db1e49eb3c81) Importer(815301076,1909f56bfc062723c751e8b465ee728b)  -> (artifact id: 'bbe2943ececc2a6c1891b5c431b789e0') in 0.033363 seconds 
========================================================================
Received Import Request.
  Time since last request: 0.000038 seconds.
  path: Assets/LowPoly Fantasy Monsters Pack Ver1.0_Demo/Fbx/Hobgoblin.FBX
  artifactKey: Guid(d4522b4f353f17142915782c04c3d8bd) Importer(815301076,1909f56bfc062723c751e8b465ee728b)
Start importing Assets/LowPoly Fantasy Monsters Pack Ver1.0_Demo/Fbx/Hobgoblin.FBX using Guid(d4522b4f353f17142915782c04c3d8bd) Importer(815301076,1909f56bfc062723c751e8b465ee728b)  -> (artifact id: 'a222e8c85d826187c9a70e0e22cd42df') in 0.165528 seconds 
========================================================================
Received Import Request.
  Time since last request: 0.000053 seconds.
  path: Assets/LowPolyDungeonsLite/Models/Book_09.fbx
  artifactKey: Guid(dd85c4003e86ea24b9d5486aa770f3a2) Importer(815301076,1909f56bfc062723c751e8b465ee728b)
Start importing Assets/LowPolyDungeonsLite/Models/Book_09.fbx using Guid(dd85c4003e86ea24b9d5486aa770f3a2) Importer(815301076,1909f56bfc062723c751e8b465ee728b)  -> (artifact id: '3be2956ceeff41b8334e5d4baa464d79') in 0.036988 seconds 
========================================================================
Received Import Request.
  Time since last request: 0.000032 seconds.
  path: Assets/LowPolyDungeonsLite/Models/Light_08.fbx
  artifactKey: Guid(a572b7e4c3d8eb446823b4269e41cb5d) Importer(815301076,1909f56bfc062723c751e8b465ee728b)
Start importing Assets/LowPolyDungeonsLite/Models/Light_08.fbx using Guid(a572b7e4c3d8eb446823b4269e41cb5d) Importer(815301076,1909f56bfc062723c751e8b465ee728b)  -> (artifact id: '1d5098aaf205ccf16ca79c146e2f22ca') in 0.033387 seconds 
========================================================================
Received Prepare
Registering precompiled user dll's ...
Registered in 0.008211 seconds.
Begin MonoManager ReloadAssembly
Symbol file LoadedFromMemory doesn't match image E:\Unity Projects\3D Dungeon Design\Library\PackageCache\com.unity.visualscripting@1.7.8\Editor\VisualScripting.Core\Dependencies\YamlDotNet\Unity.VisualScripting.YamlDotNet.dll
Symbol file LoadedFromMemory doesn't match image E:\Unity Projects\3D Dungeon Design\Library\PackageCache\com.unity.visualscripting@1.7.8\Editor\VisualScripting.Core\Dependencies\DotNetZip\Unity.VisualScripting.IonicZip.dll
Native extension for WindowsStandalone target not found
Refreshing native plugins compatible for Editor in 1.79 ms, found 3 plugins.
Preloading 0 native plugins for Editor in 0.00 ms.
Mono: successfully reloaded assembly
- Completed reload, in  2.246 seconds
Domain Reload Profiling:
	ReloadAssembly (2247ms)
		BeginReloadAssembly (234ms)
			ExecutionOrderSort (0ms)
			DisableScriptedObjects (7ms)
			BackupInstance (0ms)
			ReleaseScriptingObjects (0ms)
			CreateAndSetChildDomain (60ms)
		EndReloadAssembly (1808ms)
			LoadAssemblies (179ms)
			RebuildTransferFunctionScriptingTraits (0ms)
			SetupTypeCache (591ms)
			ReleaseScriptCaches (5ms)
			RebuildScriptCaches (127ms)
			SetupLoadedEditorAssemblies (798ms)
				LogAssemblyErrors (0ms)
				InitializePlatformSupportModulesInManaged (36ms)
				SetLoadedEditorAssemblies (2ms)
				RefreshPlugins (2ms)
				BeforeProcessingInitializeOnLoad (147ms)
				ProcessInitializeOnLoadAttributes (530ms)
				ProcessInitializeOnLoadMethodAttributes (55ms)
				AfterProcessingInitializeOnLoad (25ms)
				EditorAssembliesLoaded (0ms)
			ExecutionOrderSort2 (0ms)
			AwakeInstancesAfterBackupRestoration (13ms)
Platform modules already initialized, skipping
Refreshing native plugins compatible for Editor in 4.74 ms, found 3 plugins.
Preloading 0 native plugins for Editor in 0.00 ms.
Unloading 3718 Unused Serialized files (Serialized files now loaded: 0)
Unloading 21 unused Assets / (119.6 KB). Loaded Objects now: 4257.
Memory consumption went from 150.0 MB to 149.9 MB.
Total: 6.564000 ms (FindLiveObjects: 0.633800 ms CreateObjectMapping: 0.407800 ms MarkObjects: 5.259200 ms  DeleteObjects: 0.261500 ms)

AssetImportParameters requested are different than current active one (requested -> active):
  custom:video-decoder-ogg-theora: a1e56fd34408186e4bbccfd4996cb3dc -> 
  custom:container-muxer-webm: aa71ff27fc2769a1b78a27578f13a17b -> 
  custom:container-demuxer-webm: 4f35f7cbe854078d1ac9338744f61a02 -> 
  custom:video-encoder-webm-vp8: eb34c28f22e8b96e1ab97ce403110664 -> 
  custom:audio-encoder-webm-vorbis: bf7c407c2cedff20999df2af8eb42d56 -> 
  custom:framework-win-MediaFoundation: 216162199b28c13a410421893ffa2e32 -> 
  custom:container-demuxer-ogg: 62fdf1f143b41e24485cea50d1cbac27 -> 
  custom:video-decoder-webm-vp8: 9c59270c3fd7afecdb556c50c9e8de78 -> 
  custom:audio-decoder-ogg-vorbis: bf7c407c2cedff20999df2af8eb42d56 -> 
========================================================================
Received Prepare
Registering precompiled user dll's ...
Registered in 0.007538 seconds.
Begin MonoManager ReloadAssembly
Symbol file LoadedFromMemory doesn't match image E:\Unity Projects\3D Dungeon Design\Library\PackageCache\com.unity.visualscripting@1.7.8\Editor\VisualScripting.Core\Dependencies\YamlDotNet\Unity.VisualScripting.YamlDotNet.dll
Symbol file LoadedFromMemory doesn't match image E:\Unity Projects\3D Dungeon Design\Library\PackageCache\com.unity.visualscripting@1.7.8\Editor\VisualScripting.Core\Dependencies\DotNetZip\Unity.VisualScripting.IonicZip.dll
Native extension for WindowsStandalone target not found
Refreshing native plugins compatible for Editor in 2.14 ms, found 3 plugins.
Preloading 0 native plugins for Editor in 0.00 ms.
Mono: successfully reloaded assembly
- Completed reload, in  2.101 seconds
Domain Reload Profiling:
	ReloadAssembly (2102ms)
		BeginReloadAssembly (241ms)
			ExecutionOrderSort (0ms)
			DisableScriptedObjects (9ms)
			BackupInstance (0ms)
			ReleaseScriptingObjects (0ms)
			CreateAndSetChildDomain (62ms)
		EndReloadAssembly (1678ms)
			LoadAssemblies (153ms)
			RebuildTransferFunctionScriptingTraits (0ms)
			SetupTypeCache (559ms)
			ReleaseScriptCaches (2ms)
			RebuildScriptCaches (101ms)
			SetupLoadedEditorAssemblies (782ms)
				LogAssemblyErrors (0ms)
				InitializePlatformSupportModulesInManaged (28ms)
				SetLoadedEditorAssemblies (1ms)
				RefreshPlugins (2ms)
				BeforeProcessingInitializeOnLoad (137ms)
				ProcessInitializeOnLoadAttributes (533ms)
				ProcessInitializeOnLoadMethodAttributes (55ms)
				AfterProcessingInitializeOnLoad (25ms)
				EditorAssembliesLoaded (0ms)
			ExecutionOrderSort2 (0ms)
			AwakeInstancesAfterBackupRestoration (13ms)
Platform modules already initialized, skipping
Refreshing native plugins compatible for Editor in 4.68 ms, found 3 plugins.
Preloading 0 native plugins for Editor in 0.00 ms.
Unloading 3718 Unused Serialized files (Serialized files now loaded: 0)
Unloading 21 unused Assets / (135.2 KB). Loaded Objects now: 4260.
Memory consumption went from 150.1 MB to 149.9 MB.
Total: 6.657900 ms (FindLiveObjects: 0.626900 ms CreateObjectMapping: 0.438200 ms MarkObjects: 5.322700 ms  DeleteObjects: 0.267800 ms)

AssetImportParameters requested are different than current active one (requested -> active):
  custom:video-decoder-ogg-theora: a1e56fd34408186e4bbccfd4996cb3dc -> 
  custom:container-muxer-webm: aa71ff27fc2769a1b78a27578f13a17b -> 
  custom:container-demuxer-webm: 4f35f7cbe854078d1ac9338744f61a02 -> 
  custom:video-encoder-webm-vp8: eb34c28f22e8b96e1ab97ce403110664 -> 
  custom:audio-encoder-webm-vorbis: bf7c407c2cedff20999df2af8eb42d56 -> 
  custom:framework-win-MediaFoundation: 216162199b28c13a410421893ffa2e32 -> 
  custom:container-demuxer-ogg: 62fdf1f143b41e24485cea50d1cbac27 -> 
  custom:video-decoder-webm-vp8: 9c59270c3fd7afecdb556c50c9e8de78 -> 
  custom:audio-decoder-ogg-vorbis: bf7c407c2cedff20999df2af8eb42d56 -> 
========================================================================
Received Prepare
Registering precompiled user dll's ...
Registered in 0.007667 seconds.
Begin MonoManager ReloadAssembly
Symbol file LoadedFromMemory doesn't match image E:\Unity Projects\3D Dungeon Design\Library\PackageCache\com.unity.visualscripting@1.7.8\Editor\VisualScripting.Core\Dependencies\YamlDotNet\Unity.VisualScripting.YamlDotNet.dll
Symbol file LoadedFromMemory doesn't match image E:\Unity Projects\3D Dungeon Design\Library\PackageCache\com.unity.visualscripting@1.7.8\Editor\VisualScripting.Core\Dependencies\DotNetZip\Unity.VisualScripting.IonicZip.dll
Native extension for WindowsStandalone target not found
Refreshing native plugins compatible for Editor in 1.48 ms, found 3 plugins.
Preloading 0 native plugins for Editor in 0.00 ms.
Mono: successfully reloaded assembly
- Completed reload, in  1.949 seconds
Domain Reload Profiling:
	ReloadAssembly (1951ms)
		BeginReloadAssembly (222ms)
			ExecutionOrderSort (0ms)
			DisableScriptedObjects (9ms)
			BackupInstance (0ms)
			ReleaseScriptingObjects (0ms)
			CreateAndSetChildDomain (51ms)
		EndReloadAssembly (1540ms)
			LoadAssemblies (161ms)
			RebuildTransferFunctionScriptingTraits (0ms)
			SetupTypeCache (468ms)
			ReleaseScriptCaches (4ms)
			RebuildScriptCaches (94ms)
			SetupLoadedEditorAssemblies (717ms)
				LogAssemblyErrors (0ms)
				InitializePlatformSupportModulesInManaged (28ms)
				SetLoadedEditorAssemblies (1ms)
				RefreshPlugins (2ms)
				BeforeProcessingInitializeOnLoad (127ms)
				ProcessInitializeOnLoadAttributes (483ms)
				ProcessInitializeOnLoadMethodAttributes (51ms)
				AfterProcessingInitializeOnLoad (25ms)
				EditorAssembliesLoaded (0ms)
			ExecutionOrderSort2 (0ms)
			AwakeInstancesAfterBackupRestoration (13ms)
Platform modules already initialized, skipping
Refreshing native plugins compatible for Editor in 3.80 ms, found 3 plugins.
Preloading 0 native plugins for Editor in 0.00 ms.
Unloading 3718 Unused Serialized files (Serialized files now loaded: 0)
Unloading 21 unused Assets / (127.6 KB). Loaded Objects now: 4263.
Memory consumption went from 150.1 MB to 149.9 MB.
Total: 5.770500 ms (FindLiveObjects: 0.382400 ms CreateObjectMapping: 0.252400 ms MarkObjects: 4.951100 ms  DeleteObjects: 0.183100 ms)

AssetImportParameters requested are different than current active one (requested -> active):
  custom:video-decoder-ogg-theora: a1e56fd34408186e4bbccfd4996cb3dc -> 
  custom:container-muxer-webm: aa71ff27fc2769a1b78a27578f13a17b -> 
  custom:container-demuxer-webm: 4f35f7cbe854078d1ac9338744f61a02 -> 
  custom:video-encoder-webm-vp8: eb34c28f22e8b96e1ab97ce403110664 -> 
  custom:audio-encoder-webm-vorbis: bf7c407c2cedff20999df2af8eb42d56 -> 
  custom:framework-win-MediaFoundation: 216162199b28c13a410421893ffa2e32 -> 
  custom:container-demuxer-ogg: 62fdf1f143b41e24485cea50d1cbac27 -> 
  custom:video-decoder-webm-vp8: 9c59270c3fd7afecdb556c50c9e8de78 -> 
  custom:audio-decoder-ogg-vorbis: bf7c407c2cedff20999df2af8eb42d56 -> 
========================================================================
Received Import Request.
  Time since last request: 5509.132139 seconds.
  path: Packages/com.unity.probuilder/Content/Resources/Materials/EdgePicker.mat
  artifactKey: Guid(4ff996e3a0a5743a3987ab6231160665) Importer(815301076,1909f56bfc062723c751e8b465ee728b)
Start importing Packages/com.unity.probuilder/Content/Resources/Materials/EdgePicker.mat using Guid(4ff996e3a0a5743a3987ab6231160665) Importer(815301076,1909f56bfc062723c751e8b465ee728b)  -> (artifact id: '04f5d403577e78301b3e393befe630ba') in 0.456905 seconds 
========================================================================
Received Import Request.
  Time since last request: 0.000117 seconds.
  path: Packages/com.unity.probuilder/Content/Resources/Materials/StandardVertexColorLWRP.mat
  artifactKey: Guid(077a003b1de1e4c35923be7a21b5d948) Importer(815301076,1909f56bfc062723c751e8b465ee728b)
Start importing Packages/com.unity.probuilder/Content/Resources/Materials/StandardVertexColorLWRP.mat using Guid(077a003b1de1e4c35923be7a21b5d948) Importer(815301076,1909f56bfc062723c751e8b465ee728b)  -> (artifact id: 'c7a411a5da09122af52144cf7cf4b32c') in 0.030819 seconds 
========================================================================
Received Import Request.
  Time since last request: 0.000063 seconds.
  path: Packages/com.unity.probuilder/Content/Resources/Materials/UnlitVertexColor.mat
  artifactKey: Guid(29966c3c0907b49b58c4e59342d020cf) Importer(815301076,1909f56bfc062723c751e8b465ee728b)
Start importing Packages/com.unity.probuilder/Content/Resources/Materials/UnlitVertexColor.mat using Guid(29966c3c0907b49b58c4e59342d020cf) Importer(815301076,1909f56bfc062723c751e8b465ee728b)  -> (artifact id: '5c638e9122e58b1b1669322184ce6765') in 0.026894 seconds 
========================================================================
Received Import Request.
  Time since last request: 21.406269 seconds.
  path: Assets/LowPoly Fantasy Monsters Pack Ver1.0_Demo/Materials/troll_addon_head_01.mat
  artifactKey: Guid(a0a1240a3fc5daa47bc10670bfa81bb2) Importer(815301076,1909f56bfc062723c751e8b465ee728b)
Start importing Assets/LowPoly Fantasy Monsters Pack Ver1.0_Demo/Materials/troll_addon_head_01.mat using Guid(a0a1240a3fc5daa47bc10670bfa81bb2) Importer(815301076,1909f56bfc062723c751e8b465ee728b)  -> (artifact id: '02ae8c3eda50204774961ac278968ecd') in 0.093260 seconds 
========================================================================
Received Import Request.
  Time since last request: 0.000032 seconds.
  path: Assets/LowPoly Fantasy Monsters Pack Ver1.0_Demo/Materials/troll_body_02.mat
  artifactKey: Guid(ec7b940140fe1fd48b9583049be0fe7b) Importer(815301076,1909f56bfc062723c751e8b465ee728b)
Start importing Assets/LowPoly Fantasy Monsters Pack Ver1.0_Demo/Materials/troll_body_02.mat using Guid(ec7b940140fe1fd48b9583049be0fe7b) Importer(815301076,1909f56bfc062723c751e8b465ee728b)  -> (artifact id: '58903504906db85c43d09e2213097973') in 0.067046 seconds 
========================================================================
Received Import Request.
  Time since last request: 51.700950 seconds.
  path: Assets/LowPolyDungeonsLite/Materials/LowPolyDungeonsLite_Light.mat
  artifactKey: Guid(2f12fcec4b3dcc0489472b3a9cfa44c1) Importer(815301076,1909f56bfc062723c751e8b465ee728b)
Start importing Assets/LowPolyDungeonsLite/Materials/LowPolyDungeonsLite_Light.mat using Guid(2f12fcec4b3dcc0489472b3a9cfa44c1) Importer(815301076,1909f56bfc062723c751e8b465ee728b)  -> (artifact id: '889a6dba463e8cd40555576156b55c26') in 0.046550 seconds 
========================================================================
Received Import Request.
  Time since last request: 5.824491 seconds.
  path: Assets/LowPoly Fantasy Monsters Pack Ver1.0_Demo/Materials/goblin_02.mat
  artifactKey: Guid(9f8ce12f01f499e49b32e0069a6bcb90) Importer(815301076,1909f56bfc062723c751e8b465ee728b)
Start importing Assets/LowPoly Fantasy Monsters Pack Ver1.0_Demo/Materials/goblin_02.mat using Guid(9f8ce12f01f499e49b32e0069a6bcb90) Importer(815301076,1909f56bfc062723c751e8b465ee728b)  -> (artifact id: 'd27649dc338f0cc19b556b43221faa58') in 0.048126 seconds 
========================================================================
Received Import Request.
  Time since last request: 0.000043 seconds.
  path: Assets/LowPoly Fantasy Monsters Pack Ver1.0_Demo/Materials/hobgoblin_weapon_002.mat
  artifactKey: Guid(e41a19dc5beec9e4085fe4153c0d57d4) Importer(815301076,1909f56bfc062723c751e8b465ee728b)
Start importing Assets/LowPoly Fantasy Monsters Pack Ver1.0_Demo/Materials/hobgoblin_weapon_002.mat using Guid(e41a19dc5beec9e4085fe4153c0d57d4) Importer(815301076,1909f56bfc062723c751e8b465ee728b)  -> (artifact id: '8f7a6aaf3a8476a3141fee62edf4992a') in 0.052736 seconds 
========================================================================
Received Import Request.
  Time since last request: 70.057025 seconds.
  path: Assets/Lite Voxel Dungion/Walls/Textures/Door wall.png
  artifactKey: Guid(3aa8a3622e74ec34da87640ebb8ae1aa) Importer(815301076,1909f56bfc062723c751e8b465ee728b)
Start importing Assets/Lite Voxel Dungion/Walls/Textures/Door wall.png using Guid(3aa8a3622e74ec34da87640ebb8ae1aa) Importer(815301076,1909f56bfc062723c751e8b465ee728b)  -> (artifact id: '71e8d90df3cf90e7847b794e4861b363') in 0.044602 seconds 
========================================================================
Received Import Request.
  Time since last request: 0.000042 seconds.
  path: Assets/Lite Voxel Dungion/Walls/Textures/Small Bars Wall.png
  artifactKey: Guid(9adc8567440cba54084fbf4cd8357861) Importer(815301076,1909f56bfc062723c751e8b465ee728b)
Start importing Assets/Lite Voxel Dungion/Walls/Textures/Small Bars Wall.png using Guid(9adc8567440cba54084fbf4cd8357861) Importer(815301076,1909f56bfc062723c751e8b465ee728b)  -> (artifact id: '97df6488d4697c248582ebff3a058a98') in 0.034246 seconds 
========================================================================
Received Import Request.
  Time since last request: 0.000048 seconds.
  path: Assets/Lite Voxel Dungion/Walls/Textures/Window Wall.png
  artifactKey: Guid(2a4ab20bb04704044a8b6e927f29ab9e) Importer(815301076,1909f56bfc062723c751e8b465ee728b)
Start importing Assets/Lite Voxel Dungion/Walls/Textures/Window Wall.png using Guid(2a4ab20bb04704044a8b6e927f29ab9e) Importer(815301076,1909f56bfc062723c751e8b465ee728b)  -> (artifact id: 'd576da06ec4ece2e40a74a44dc581d2e') in 0.025896 seconds 
========================================================================
Received Import Request.
  Time since last request: 13.555925 seconds.
  path: Packages/com.unity.probuilder/Content/Icons/Toolbar/Panel_Materials.png
  artifactKey: Guid(130b88294a9d04f8198229adfbce3c2c) Importer(815301076,1909f56bfc062723c751e8b465ee728b)
Start importing Packages/com.unity.probuilder/Content/Icons/Toolbar/Panel_Materials.png using Guid(130b88294a9d04f8198229adfbce3c2c) Importer(815301076,1909f56bfc062723c751e8b465ee728b)  -> (artifact id: 'b32d4b4065e41b9df890e77072118ab3') in 0.031648 seconds 
========================================================================
Received Import Request.
  Time since last request: 0.000039 seconds.
  path: Packages/com.unity.probuilder/Content/Icons/Toolbar/Selection_SelectByMaterial_disabled.png
  artifactKey: Guid(07b70a092b6df4d37add639c429acb2b) Importer(815301076,1909f56bfc062723c751e8b465ee728b)
Start importing Packages/com.unity.probuilder/Content/Icons/Toolbar/Selection_SelectByMaterial_disabled.png using Guid(07b70a092b6df4d37add639c429acb2b) Importer(815301076,1909f56bfc062723c751e8b465ee728b)  -> (artifact id: 'f1bfd6a6cb26e381a16e3d1b30c81186') in 0.024212 seconds 
========================================================================
Received Import Request.
  Time since last request: 79.980937 seconds.
  path: Packages/com.unity.probuilder/Content/Material/Textures/GridBox_Collider.png
  artifactKey: Guid(7e4b97337334f42d2a700647fd938234) Importer(815301076,1909f56bfc062723c751e8b465ee728b)
Start importing Packages/com.unity.probuilder/Content/Material/Textures/GridBox_Collider.png using Guid(7e4b97337334f42d2a700647fd938234) Importer(815301076,1909f56bfc062723c751e8b465ee728b)  -> (artifact id: '5a4ae3e2be56fa8fbd557637d25cf81d') in 0.017926 seconds 
========================================================================
Received Import Request.
  Time since last request: 1440.866057 seconds.
  path: Assets/LowPoly Fantasy Monsters Pack Ver1.0_Demo/READ ME FIRST!!!/cerberos/000.png
  artifactKey: Guid(c22da0a6a558f1e448ba19ee06dbc6ad) Importer(815301076,1909f56bfc062723c751e8b465ee728b)
Start importing Assets/LowPoly Fantasy Monsters Pack Ver1.0_Demo/READ ME FIRST!!!/cerberos/000.png using Guid(c22da0a6a558f1e448ba19ee06dbc6ad) Importer(815301076,1909f56bfc062723c751e8b465ee728b)  -> (artifact id: 'bdce04142b372ba7513a4e59c3e3a379') in 0.048403 seconds 
========================================================================
Received Import Request.
  Time since last request: 0.000046 seconds.
  path: Assets/LowPoly Fantasy Monsters Pack Ver1.0_Demo/READ ME FIRST!!!/troll/001.png
  artifactKey: Guid(aac504894540f8246838e588cd71a471) Importer(815301076,1909f56bfc062723c751e8b465ee728b)
Start importing Assets/LowPoly Fantasy Monsters Pack Ver1.0_Demo/READ ME FIRST!!!/troll/001.png using Guid(aac504894540f8246838e588cd71a471) Importer(815301076,1909f56bfc062723c751e8b465ee728b)  -> (artifact id: '084ba15eea8f942b16111f14dfbee362') in 0.025768 seconds 
========================================================================
Received Import Request.
  Time since last request: 0.000056 seconds.
  path: Assets/LowPoly Fantasy Monsters Pack Ver1.0_Demo/READ ME FIRST!!!/beholder/001.png
  artifactKey: Guid(beae9c476c387c440ac07575895478a6) Importer(815301076,1909f56bfc062723c751e8b465ee728b)
Start importing Assets/LowPoly Fantasy Monsters Pack Ver1.0_Demo/READ ME FIRST!!!/beholder/001.png using Guid(beae9c476c387c440ac07575895478a6) Importer(815301076,1909f56bfc062723c751e8b465ee728b)  -> (artifact id: 'a8ae1ea4dccb226aadb434c07328c921') in 0.019440 seconds 
========================================================================
Received Import Request.
  Time since last request: 0.000034 seconds.
  path: Assets/LowPoly Fantasy Monsters Pack Ver1.0_Demo/READ ME FIRST!!!/wolf/000.png
  artifactKey: Guid(13b2a04fc98ba624899c4090ca072826) Importer(815301076,1909f56bfc062723c751e8b465ee728b)
Start importing Assets/LowPoly Fantasy Monsters Pack Ver1.0_Demo/READ ME FIRST!!!/wolf/000.png using Guid(13b2a04fc98ba624899c4090ca072826) Importer(815301076,1909f56bfc062723c751e8b465ee728b)  -> (artifact id: '421d3c30744298aac833333ab876efc0') in 0.014165 seconds 
========================================================================
Received Import Request.
  Time since last request: 0.000053 seconds.
  path: Assets/LowPoly Fantasy Monsters Pack Ver1.0_Demo/READ ME FIRST!!!/beholder/000.png
  artifactKey: Guid(5b30ac936c5bc834daaff00fd8c412c2) Importer(815301076,1909f56bfc062723c751e8b465ee728b)
Start importing Assets/LowPoly Fantasy Monsters Pack Ver1.0_Demo/READ ME FIRST!!!/beholder/000.png using Guid(5b30ac936c5bc834daaff00fd8c412c2) Importer(815301076,1909f56bfc062723c751e8b465ee728b)  -> (artifact id: '1b1366c35a4e284c69e347b40da0dd6f') in 0.014827 seconds 
========================================================================
Received Import Request.
  Time since last request: 0.000050 seconds.
  path: Assets/LowPoly Fantasy Monsters Pack Ver1.0_Demo/READ ME FIRST!!!/ouger/001.png
  artifactKey: Guid(78a84d4c7a7ae094f8e0089b64a6a0d3) Importer(815301076,1909f56bfc062723c751e8b465ee728b)
Start importing Assets/LowPoly Fantasy Monsters Pack Ver1.0_Demo/READ ME FIRST!!!/ouger/001.png using Guid(78a84d4c7a7ae094f8e0089b64a6a0d3) Importer(815301076,1909f56bfc062723c751e8b465ee728b)  -> (artifact id: 'ff8f5be1c516a10718d45c076af303c6') in 0.022606 seconds 
========================================================================
Received Import Request.
  Time since last request: 0.000038 seconds.
  path: Assets/LowPoly Fantasy Monsters Pack Ver1.0_Demo/READ ME FIRST!!!/ouger/000.png
  artifactKey: Guid(922b8c19ba45ae244ad2e5e0813d0322) Importer(815301076,1909f56bfc062723c751e8b465ee728b)
Start importing Assets/LowPoly Fantasy Monsters Pack Ver1.0_Demo/READ ME FIRST!!!/ouger/000.png using Guid(922b8c19ba45ae244ad2e5e0813d0322) Importer(815301076,1909f56bfc062723c751e8b465ee728b)  -> (artifact id: '85fbccf3bb49c5d041db575d7dcd2be2') in 0.016840 seconds 
========================================================================
Received Import Request.
  Time since last request: 0.000026 seconds.
  path: Assets/LowPoly Fantasy Monsters Pack Ver1.0_Demo/READ ME FIRST!!!/hobgoblin/000.png
  artifactKey: Guid(d014a308d20a0924598d4aec91f6d60d) Importer(815301076,1909f56bfc062723c751e8b465ee728b)
Start importing Assets/LowPoly Fantasy Monsters Pack Ver1.0_Demo/READ ME FIRST!!!/hobgoblin/000.png using Guid(d014a308d20a0924598d4aec91f6d60d) Importer(815301076,1909f56bfc062723c751e8b465ee728b)  -> (artifact id: '10af1fe22af83a87060cc233233adfcb') in 0.013246 seconds 
========================================================================
Received Import Request.
  Time since last request: 0.000029 seconds.
  path: Assets/LowPoly Fantasy Monsters Pack Ver1.0_Demo/READ ME FIRST!!!/kimera/001.png
  artifactKey: Guid(6fdb975349c19a142828dacd8e04ceb9) Importer(815301076,1909f56bfc062723c751e8b465ee728b)
Start importing Assets/LowPoly Fantasy Monsters Pack Ver1.0_Demo/READ ME FIRST!!!/kimera/001.png using Guid(6fdb975349c19a142828dacd8e04ceb9) Importer(815301076,1909f56bfc062723c751e8b465ee728b)  -> (artifact id: '3ccb80e7db2a209c667e349393750c20') in 0.020383 seconds 
