Using pre-set license
Built from '2021.3/staging' branch; Version is '2021.3.16f1 (4016570cf34f) revision 4200023'; Using compiler version '192829333'; Build Type 'Release'
OS: 'Windows 10  (10.0.19044) 64bit Core' Language: 'en' Physical Memory: 16193 MB
BatchMode: 1, IsHumanControllingUs: 0, StartBugReporterOnCrash: 0, Is64bit: 1, IsPro: 1

COMMAND LINE ARGUMENTS:
C:\Program Files\Unity\Hub\Editor\2021.3.16f1\Editor\Unity.exe
-adb2
-batchMode
-noUpm
-name
AssetImportWorker0
-projectPath
E:/Unity Projects/3D Dungeon Design
-logFile
Logs/AssetImportWorker0.log
-srvPort
57694
Successfully changed project path to: E:/Unity Projects/3D Dungeon Design
E:/Unity Projects/3D Dungeon Design
[UnityMemory] Configuration Parameters - Can be set up in boot.config
    "memorysetup-bucket-allocator-granularity=16"
    "memorysetup-bucket-allocator-bucket-count=8"
    "memorysetup-bucket-allocator-block-size=33554432"
    "memorysetup-bucket-allocator-block-count=8"
    "memorysetup-main-allocator-block-size=16777216"
    "memorysetup-thread-allocator-block-size=16777216"
    "memorysetup-gfx-main-allocator-block-size=16777216"
    "memorysetup-gfx-thread-allocator-block-size=16777216"
    "memorysetup-cache-allocator-block-size=4194304"
    "memorysetup-typetree-allocator-block-size=2097152"
    "memorysetup-profiler-bucket-allocator-granularity=16"
    "memorysetup-profiler-bucket-allocator-bucket-count=8"
    "memorysetup-profiler-bucket-allocator-block-size=33554432"
    "memorysetup-profiler-bucket-allocator-block-count=8"
    "memorysetup-profiler-allocator-block-size=16777216"
    "memorysetup-profiler-editor-allocator-block-size=1048576"
    "memorysetup-temp-allocator-size-main=16777216"
    "memorysetup-job-temp-allocator-block-size=2097152"
    "memorysetup-job-temp-allocator-block-size-background=1048576"
    "memorysetup-job-temp-allocator-reduction-small-platforms=262144"
    "memorysetup-temp-allocator-size-background-worker=32768"
    "memorysetup-temp-allocator-size-job-worker=262144"
    "memorysetup-temp-allocator-size-preload-manager=33554432"
    "memorysetup-temp-allocator-size-nav-mesh-worker=65536"
    "memorysetup-temp-allocator-size-audio-worker=65536"
    "memorysetup-temp-allocator-size-cloud-worker=32768"
    "memorysetup-temp-allocator-size-gi-baking-worker=262144"
    "memorysetup-temp-allocator-size-gfx=262144"
Player connection [18480] Host "[IP] 172.22.140.20 [Port] 0 [Flags] 2 [Guid] 2979744420 [EditorId] 2979744420 [Version] 1048832 [Id] WindowsEditor(7,DESKTOP-0QRPCUD) [Debug] 1 [PackageName] WindowsEditor [ProjectName] Editor" joined multi-casting on [225.0.0.222:54997]...

Player connection [18480] Host "[IP] 172.22.140.20 [Port] 0 [Flags] 2 [Guid] 2979744420 [EditorId] 2979744420 [Version] 1048832 [Id] WindowsEditor(7,DESKTOP-0QRPCUD) [Debug] 1 [PackageName] WindowsEditor [ProjectName] Editor" joined alternative multi-casting on [225.0.0.222:34997]...

Refreshing native plugins compatible for Editor in 298.89 ms, found 3 plugins.
Preloading 0 native plugins for Editor in 0.00 ms.
Initialize engine version: 2021.3.16f1 (4016570cf34f)
[Subsystems] Discovering subsystems at path C:/Program Files/Unity/Hub/Editor/2021.3.16f1/Editor/Data/Resources/UnitySubsystems
[Subsystems] Discovering subsystems at path E:/Unity Projects/3D Dungeon Design/Assets
GfxDevice: creating device client; threaded=0; jobified=0
Direct3D:
    Version:  Direct3D 11.0 [level 11.1]
    Renderer: NVIDIA GeForce GTX 1650 (ID=0x1f91)
    Vendor:   NVIDIA
    VRAM:     3962 MB
    Driver:   31.0.15.1659
Initialize mono
Mono path[0] = 'C:/Program Files/Unity/Hub/Editor/2021.3.16f1/Editor/Data/Managed'
Mono path[1] = 'C:/Program Files/Unity/Hub/Editor/2021.3.16f1/Editor/Data/MonoBleedingEdge/lib/mono/unityjit-win32'
Mono config path = 'C:/Program Files/Unity/Hub/Editor/2021.3.16f1/Editor/Data/MonoBleedingEdge/etc'
Using monoOptions --debugger-agent=transport=dt_socket,embedding=1,server=y,suspend=n,address=127.0.0.1:56660
Begin MonoManager ReloadAssembly
Registering precompiled unity dll's ...
Register platform support module: C:/Program Files/Unity/Hub/Editor/2021.3.16f1/Editor/Data/PlaybackEngines/WindowsStandaloneSupport/UnityEditor.WindowsStandalone.Extensions.dll
Registered in 0.039900 seconds.
Native extension for WindowsStandalone target not found
Refreshing native plugins compatible for Editor in 272.57 ms, found 3 plugins.
Preloading 0 native plugins for Editor in 0.00 ms.
Mono: successfully reloaded assembly
- Completed reload, in  2.770 seconds
Domain Reload Profiling:
	ReloadAssembly (2772ms)
		BeginReloadAssembly (307ms)
			ExecutionOrderSort (0ms)
			DisableScriptedObjects (0ms)
			BackupInstance (0ms)
			ReleaseScriptingObjects (0ms)
			CreateAndSetChildDomain (2ms)
		EndReloadAssembly (1900ms)
			LoadAssemblies (287ms)
			RebuildTransferFunctionScriptingTraits (0ms)
			SetupTypeCache (486ms)
			ReleaseScriptCaches (0ms)
			RebuildScriptCaches (91ms)
			SetupLoadedEditorAssemblies (1092ms)
				LogAssemblyErrors (0ms)
				InitializePlatformSupportModulesInManaged (32ms)
				SetLoadedEditorAssemblies (1ms)
				RefreshPlugins (274ms)
				BeforeProcessingInitializeOnLoad (5ms)
				ProcessInitializeOnLoadAttributes (590ms)
				ProcessInitializeOnLoadMethodAttributes (191ms)
				AfterProcessingInitializeOnLoad (0ms)
				EditorAssembliesLoaded (0ms)
			ExecutionOrderSort2 (0ms)
			AwakeInstancesAfterBackupRestoration (0ms)
Platform modules already initialized, skipping
Registering precompiled user dll's ...
Registered in 0.025170 seconds.
Begin MonoManager ReloadAssembly
Symbol file LoadedFromMemory doesn't match image E:\Unity Projects\3D Dungeon Design\Library\PackageCache\com.unity.visualscripting@1.7.8\Editor\VisualScripting.Core\Dependencies\YamlDotNet\Unity.VisualScripting.YamlDotNet.dll
Symbol file LoadedFromMemory doesn't match image E:\Unity Projects\3D Dungeon Design\Library\PackageCache\com.unity.visualscripting@1.7.8\Editor\VisualScripting.Core\Dependencies\DotNetZip\Unity.VisualScripting.IonicZip.dll
Native extension for WindowsStandalone target not found
Refreshing native plugins compatible for Editor in 1.53 ms, found 3 plugins.
Preloading 0 native plugins for Editor in 0.00 ms.
Mono: successfully reloaded assembly
- Completed reload, in  4.351 seconds
Domain Reload Profiling:
	ReloadAssembly (4355ms)
		BeginReloadAssembly (439ms)
			ExecutionOrderSort (0ms)
			DisableScriptedObjects (24ms)
			BackupInstance (0ms)
			ReleaseScriptingObjects (0ms)
			CreateAndSetChildDomain (58ms)
		EndReloadAssembly (3372ms)
			LoadAssemblies (356ms)
			RebuildTransferFunctionScriptingTraits (0ms)
			SetupTypeCache (1115ms)
			ReleaseScriptCaches (2ms)
			RebuildScriptCaches (209ms)
			SetupLoadedEditorAssemblies (1504ms)
				LogAssemblyErrors (0ms)
				InitializePlatformSupportModulesInManaged (31ms)
				SetLoadedEditorAssemblies (2ms)
				RefreshPlugins (2ms)
				BeforeProcessingInitializeOnLoad (333ms)
				ProcessInitializeOnLoadAttributes (916ms)
				ProcessInitializeOnLoadMethodAttributes (142ms)
				AfterProcessingInitializeOnLoad (77ms)
				EditorAssembliesLoaded (1ms)
			ExecutionOrderSort2 (0ms)
			AwakeInstancesAfterBackupRestoration (44ms)
Platform modules already initialized, skipping
========================================================================
Worker process is ready to serve import requests
Launched and connected shader compiler UnityShaderCompiler.exe after 0.22 seconds
Refreshing native plugins compatible for Editor in 3.40 ms, found 3 plugins.
Preloading 0 native plugins for Editor in 0.00 ms.
Unloading 3361 Unused Serialized files (Serialized files now loaded: 0)
Unloading 27 unused Assets / (113.4 KB). Loaded Objects now: 3818.
Memory consumption went from 115.5 MB to 115.4 MB.
Total: 11.103100 ms (FindLiveObjects: 0.725500 ms CreateObjectMapping: 0.302600 ms MarkObjects: 9.782400 ms  DeleteObjects: 0.288800 ms)

AssetImportParameters requested are different than current active one (requested -> active):
  custom:video-decoder-ogg-theora: a1e56fd34408186e4bbccfd4996cb3dc -> 
  custom:container-muxer-webm: aa71ff27fc2769a1b78a27578f13a17b -> 
  custom:container-demuxer-webm: 4f35f7cbe854078d1ac9338744f61a02 -> 
  custom:video-encoder-webm-vp8: eb34c28f22e8b96e1ab97ce403110664 -> 
  custom:audio-encoder-webm-vorbis: bf7c407c2cedff20999df2af8eb42d56 -> 
  custom:framework-win-MediaFoundation: 216162199b28c13a410421893ffa2e32 -> 
  custom:container-demuxer-ogg: 62fdf1f143b41e24485cea50d1cbac27 -> 
  custom:video-decoder-webm-vp8: 9c59270c3fd7afecdb556c50c9e8de78 -> 
  custom:audio-decoder-ogg-vorbis: bf7c407c2cedff20999df2af8eb42d56 -> 
========================================================================
Received Import Request.
  Time since last request: 1531762.483084 seconds.
  path: Assets/Lite Voxel Dungion
  artifactKey: Guid(76b751bca61418145a04eaf35c3d4bef) Importer(815301076,1909f56bfc062723c751e8b465ee728b)
Start importing Assets/Lite Voxel Dungion using Guid(76b751bca61418145a04eaf35c3d4bef) Importer(815301076,1909f56bfc062723c751e8b465ee728b)  -> (artifact id: '2b96ed47c557a079778759aba2977ff1') in 0.031776 seconds 
========================================================================
Received Import Request.
  Time since last request: 1.173685 seconds.
  path: Assets/Lite Voxel Dungion/Demo_info
  artifactKey: Guid(8aceedf29c3a3b648b117a8f5be734d4) Importer(815301076,1909f56bfc062723c751e8b465ee728b)
Start importing Assets/Lite Voxel Dungion/Demo_info using Guid(8aceedf29c3a3b648b117a8f5be734d4) Importer(815301076,1909f56bfc062723c751e8b465ee728b)  -> (artifact id: '3b77246e51214a30141b1e109b540441') in 0.011003 seconds 
========================================================================
Received Import Request.
  Time since last request: 1.082526 seconds.
  path: Assets/Lite Voxel Dungion/Demo_info/Example Scene.unity
  artifactKey: Guid(d6c9fbb6a799817499e0efa3d72a3e7c) Importer(815301076,1909f56bfc062723c751e8b465ee728b)
Start importing Assets/Lite Voxel Dungion/Demo_info/Example Scene.unity using Guid(d6c9fbb6a799817499e0efa3d72a3e7c) Importer(815301076,1909f56bfc062723c751e8b465ee728b)  -> (artifact id: 'f3119012eb964e0f79baaa6df572a87d') in 0.013950 seconds 
========================================================================
Received Import Request.
  Time since last request: 0.328368 seconds.
  path: Assets/Lite Voxel Dungion/Demo_info/Demo Scene.unity
  artifactKey: Guid(a73420d335e21e7478c0fa049f1b24bb) Importer(815301076,1909f56bfc062723c751e8b465ee728b)
Start importing Assets/Lite Voxel Dungion/Demo_info/Demo Scene.unity using Guid(a73420d335e21e7478c0fa049f1b24bb) Importer(815301076,1909f56bfc062723c751e8b465ee728b)  -> (artifact id: 'ac5ce6523f7a10aa1ff51b30347a77ac') in 0.011549 seconds 
========================================================================
Received Import Request.
  Time since last request: 52.240358 seconds.
  path: Assets/Scenes
  artifactKey: Guid(6ea315d0fd7389c41b19996891e99ae3) Importer(815301076,1909f56bfc062723c751e8b465ee728b)
Start importing Assets/Scenes using Guid(6ea315d0fd7389c41b19996891e99ae3) Importer(815301076,1909f56bfc062723c751e8b465ee728b)  -> (artifact id: 'b8193726cff86800c54781cdc6d54904') in 0.012773 seconds 
========================================================================
Received Import Request.
  Time since last request: 7.656669 seconds.
  path: Assets/Lite Voxel Dungion/Walls
  artifactKey: Guid(55d46b72c9f4c21458649d6caf1b58a0) Importer(815301076,1909f56bfc062723c751e8b465ee728b)
Start importing Assets/Lite Voxel Dungion/Walls using Guid(55d46b72c9f4c21458649d6caf1b58a0) Importer(815301076,1909f56bfc062723c751e8b465ee728b)  -> (artifact id: 'c4e1fc518f2f7fabf8ce8926408c68e5') in 0.011699 seconds 
========================================================================
Received Import Request.
  Time since last request: 0.002472 seconds.
  path: Assets/Lite Voxel Dungion/Walls/door gold.prefab
  artifactKey: Guid(b8f375099cdf31b4696ca5d9dff965dc) Importer(815301076,1909f56bfc062723c751e8b465ee728b)
Start importing Assets/Lite Voxel Dungion/Walls/door gold.prefab using Guid(b8f375099cdf31b4696ca5d9dff965dc) Importer(815301076,1909f56bfc062723c751e8b465ee728b)  -> (artifact id: 'd51c46422614f7b9b4ab762034af8ae9') in 1.195698 seconds 
========================================================================
Received Import Request.
  Time since last request: 0.000073 seconds.
  path: Assets/Lite Voxel Dungion/Walls/Window Wall.prefab
  artifactKey: Guid(ef7193dca43878941a8997ff2367f569) Importer(815301076,1909f56bfc062723c751e8b465ee728b)
Start importing Assets/Lite Voxel Dungion/Walls/Window Wall.prefab using Guid(ef7193dca43878941a8997ff2367f569) Importer(815301076,1909f56bfc062723c751e8b465ee728b)  -> (artifact id: 'c96297f2dde2ddc5b0899bc87dfdb8c9') in 0.036529 seconds 
========================================================================
Received Import Request.
  Time since last request: 0.000097 seconds.
  path: Assets/Lite Voxel Dungion/Walls/Large wall.prefab
  artifactKey: Guid(5b2f7ade56665ed489053a8585e122f5) Importer(815301076,1909f56bfc062723c751e8b465ee728b)
Start importing Assets/Lite Voxel Dungion/Walls/Large wall.prefab using Guid(5b2f7ade56665ed489053a8585e122f5) Importer(815301076,1909f56bfc062723c751e8b465ee728b)  -> (artifact id: 'a6a1c49d94f4f7ce3deafb94a320f4c9') in 0.040521 seconds 
========================================================================
Received Import Request.
  Time since last request: 3.984529 seconds.
  path: Assets/Lite Voxel Dungion/Floors
  artifactKey: Guid(5cb95709d317edd4da6f806167300811) Importer(815301076,1909f56bfc062723c751e8b465ee728b)
Start importing Assets/Lite Voxel Dungion/Floors using Guid(5cb95709d317edd4da6f806167300811) Importer(815301076,1909f56bfc062723c751e8b465ee728b)  -> (artifact id: 'd48bdd0eb18ada7080989fd7d4b041b4') in 0.017303 seconds 
========================================================================
Received Import Request.
  Time since last request: 0.082675 seconds.
  path: Assets/Lite Voxel Dungion/Floors/lavafloor.prefab
  artifactKey: Guid(56ddfc9cbdb461340b6a43d534d4e5a1) Importer(815301076,1909f56bfc062723c751e8b465ee728b)
Start importing Assets/Lite Voxel Dungion/Floors/lavafloor.prefab using Guid(56ddfc9cbdb461340b6a43d534d4e5a1) Importer(815301076,1909f56bfc062723c751e8b465ee728b)  -> (artifact id: 'fe4e91a35d932d714ec73fd552dccbbc') in 0.036108 seconds 
========================================================================
Received Import Request.
  Time since last request: 1.834272 seconds.
  path: Assets/Lite Voxel Dungion/Floors/Textures
  artifactKey: Guid(7572a429dcddb354faf252d64d143c7d) Importer(815301076,1909f56bfc062723c751e8b465ee728b)
Start importing Assets/Lite Voxel Dungion/Floors/Textures using Guid(7572a429dcddb354faf252d64d143c7d) Importer(815301076,1909f56bfc062723c751e8b465ee728b)  -> (artifact id: '8b87454037277c503de5aef974bfe48b') in 0.010480 seconds 
========================================================================
Received Import Request.
  Time since last request: 0.463570 seconds.
  path: Assets/Lite Voxel Dungion/Floors/Textures/lavafloor.png
  artifactKey: Guid(c7b99e3892cdb0d4d912975da594560d) Importer(815301076,1909f56bfc062723c751e8b465ee728b)
Start importing Assets/Lite Voxel Dungion/Floors/Textures/lavafloor.png using Guid(c7b99e3892cdb0d4d912975da594560d) Importer(815301076,1909f56bfc062723c751e8b465ee728b)  -> (artifact id: '36aae2600fdb39d6e4187d1bdcb7d2ad') in 0.100057 seconds 
========================================================================
Received Import Request.
  Time since last request: 118.007582 seconds.
  path: Assets/Scenes/Dungeon 1.unity
  artifactKey: Guid(9fc0d4010bbf28b4594072e72b8655ab) Importer(815301076,1909f56bfc062723c751e8b465ee728b)
Start importing Assets/Scenes/Dungeon 1.unity using Guid(9fc0d4010bbf28b4594072e72b8655ab) Importer(815301076,1909f56bfc062723c751e8b465ee728b)  -> (artifact id: 'd812b4d954c25caad99ddb09fec56889') in 0.009456 seconds 
========================================================================
Received Import Request.
  Time since last request: 3109.718703 seconds.
  path: Assets/Lite Voxel Dungion/Walls/Objects
  artifactKey: Guid(801e6098ee30c8748b4361c46c34c3f8) Importer(815301076,1909f56bfc062723c751e8b465ee728b)
Start importing Assets/Lite Voxel Dungion/Walls/Objects using Guid(801e6098ee30c8748b4361c46c34c3f8) Importer(815301076,1909f56bfc062723c751e8b465ee728b)  -> (artifact id: '8c90680d2b10583dfa0e883ce1639cdc') in 0.022935 seconds 
========================================================================
Received Import Request.
  Time since last request: 0.000511 seconds.
  path: Assets/Lite Voxel Dungion/Walls/Objects/Small Bars Wall.fbx
  artifactKey: Guid(55ead78869e0fcf42aa4f472384769c3) Importer(815301076,1909f56bfc062723c751e8b465ee728b)
Start importing Assets/Lite Voxel Dungion/Walls/Objects/Small Bars Wall.fbx using Guid(55ead78869e0fcf42aa4f472384769c3) Importer(815301076,1909f56bfc062723c751e8b465ee728b)  -> (artifact id: '5d66e0f9e2d9a3a688618b0b92526f01') in 0.705227 seconds 
========================================================================
Received Import Request.
  Time since last request: 0.000098 seconds.
  path: Assets/Lite Voxel Dungion/Walls/Objects/Door wall.fbx
  artifactKey: Guid(cfccc4459da5e90428958945853e20c3) Importer(815301076,1909f56bfc062723c751e8b465ee728b)
Start importing Assets/Lite Voxel Dungion/Walls/Objects/Door wall.fbx using Guid(cfccc4459da5e90428958945853e20c3) Importer(815301076,1909f56bfc062723c751e8b465ee728b)  -> (artifact id: 'ed998ecbdb774c5cf4d1d575a7e4567f') in 0.061573 seconds 
========================================================================
Received Import Request.
  Time since last request: 0.000057 seconds.
  path: Assets/Lite Voxel Dungion/Walls/Objects/Window Wall.fbx
  artifactKey: Guid(fc130d3bdb27540499e2cf97677f0de7) Importer(815301076,1909f56bfc062723c751e8b465ee728b)
Start importing Assets/Lite Voxel Dungion/Walls/Objects/Window Wall.fbx using Guid(fc130d3bdb27540499e2cf97677f0de7) Importer(815301076,1909f56bfc062723c751e8b465ee728b)  -> (artifact id: 'e58fd156de23f306c6625bb457e6d61a') in 0.061026 seconds 
========================================================================
Received Import Request.
  Time since last request: 267.856796 seconds.
  path: Assets/Lite Voxel Dungion/Items
  artifactKey: Guid(4ebfd437d32a31f48b4f4a8e73c62157) Importer(815301076,1909f56bfc062723c751e8b465ee728b)
Start importing Assets/Lite Voxel Dungion/Items using Guid(4ebfd437d32a31f48b4f4a8e73c62157) Importer(815301076,1909f56bfc062723c751e8b465ee728b)  -> (artifact id: 'b701a71026e1736b0a2c028ad98999c3') in 0.010479 seconds 
========================================================================
Received Import Request.
  Time since last request: 0.043807 seconds.
  path: Assets/Lite Voxel Dungion/Items/barral.prefab
  artifactKey: Guid(7d95afe9387321e468f493ec66e1ff1b) Importer(815301076,1909f56bfc062723c751e8b465ee728b)
Start importing Assets/Lite Voxel Dungion/Items/barral.prefab using Guid(7d95afe9387321e468f493ec66e1ff1b) Importer(815301076,1909f56bfc062723c751e8b465ee728b)  -> (artifact id: '859cd2510145c56b27457ba36eff157b') in 0.039995 seconds 
========================================================================
Received Import Request.
  Time since last request: 0.000086 seconds.
  path: Assets/Lite Voxel Dungion/Items/key.prefab
  artifactKey: Guid(a4fc74754b9e79245900f5c1c540e0de) Importer(815301076,1909f56bfc062723c751e8b465ee728b)
Start importing Assets/Lite Voxel Dungion/Items/key.prefab using Guid(a4fc74754b9e79245900f5c1c540e0de) Importer(815301076,1909f56bfc062723c751e8b465ee728b)  -> (artifact id: '87b41f498271b50635679b75aa283e07') in 0.040521 seconds 
========================================================================
Received Import Request.
  Time since last request: 0.000089 seconds.
  path: Assets/Lite Voxel Dungion/Items/Red Potion.prefab
  artifactKey: Guid(bdff4121f43153443915c39b7b0b1a6a) Importer(815301076,1909f56bfc062723c751e8b465ee728b)
Start importing Assets/Lite Voxel Dungion/Items/Red Potion.prefab using Guid(bdff4121f43153443915c39b7b0b1a6a) Importer(815301076,1909f56bfc062723c751e8b465ee728b)  -> (artifact id: 'd95e4429c5cfbc3527c5532de456fea0') in 0.329052 seconds 
========================================================================
Received Import Request.
  Time since last request: 3.241265 seconds.
  path: Assets/Lite Voxel Dungion/Items/Objects
  artifactKey: Guid(3b4c1ec5123c01f47a61f3de453b8ed5) Importer(815301076,1909f56bfc062723c751e8b465ee728b)
Start importing Assets/Lite Voxel Dungion/Items/Objects using Guid(3b4c1ec5123c01f47a61f3de453b8ed5) Importer(815301076,1909f56bfc062723c751e8b465ee728b)  -> (artifact id: 'd653d29888bef117599e267168fb5b34') in 0.010506 seconds 
========================================================================
Received Import Request.
  Time since last request: 0.054648 seconds.
  path: Assets/Lite Voxel Dungion/Items/Objects/barral.fbx
  artifactKey: Guid(ad6b606beb63d0746b4dc1d8c85c0f38) Importer(815301076,1909f56bfc062723c751e8b465ee728b)
Start importing Assets/Lite Voxel Dungion/Items/Objects/barral.fbx using Guid(ad6b606beb63d0746b4dc1d8c85c0f38) Importer(815301076,1909f56bfc062723c751e8b465ee728b)  -> (artifact id: 'bac5627de64bed8604c6ec30e9b04c46') in 0.053387 seconds 
========================================================================
Received Import Request.
  Time since last request: 0.000070 seconds.
  path: Assets/Lite Voxel Dungion/Items/Objects/key.fbx
  artifactKey: Guid(810bd1ea1bc73cd4a8685e2d01e7fa3e) Importer(815301076,1909f56bfc062723c751e8b465ee728b)
Start importing Assets/Lite Voxel Dungion/Items/Objects/key.fbx using Guid(810bd1ea1bc73cd4a8685e2d01e7fa3e) Importer(815301076,1909f56bfc062723c751e8b465ee728b)  -> (artifact id: '6681f4a02c7d70a303d110c117e2e9b1') in 0.066845 seconds 
========================================================================
Received Import Request.
  Time since last request: 0.000069 seconds.
  path: Assets/Lite Voxel Dungion/Items/Objects/Heart Full.fbx
  artifactKey: Guid(cc2569e506ec58a4fb5b4e59da4223e7) Importer(815301076,1909f56bfc062723c751e8b465ee728b)
Start importing Assets/Lite Voxel Dungion/Items/Objects/Heart Full.fbx using Guid(cc2569e506ec58a4fb5b4e59da4223e7) Importer(815301076,1909f56bfc062723c751e8b465ee728b)  -> (artifact id: '9b7d36599e87b402e95533f5e1848cae') in 0.058141 seconds 
========================================================================
Received Import Request.
  Time since last request: 0.000060 seconds.
  path: Assets/Lite Voxel Dungion/Items/Objects/potion Bottle.fbx
  artifactKey: Guid(0888e5b3b24ceb140aea6c2e7d11ec32) Importer(815301076,1909f56bfc062723c751e8b465ee728b)
Start importing Assets/Lite Voxel Dungion/Items/Objects/potion Bottle.fbx using Guid(0888e5b3b24ceb140aea6c2e7d11ec32) Importer(815301076,1909f56bfc062723c751e8b465ee728b)  -> (artifact id: 'c4152df06a307b1af3bc1a72ed310322') in 0.064370 seconds 
